#
# There is insufficient memory for the Java Runtime Environment to continue.
# Native memory allocation (malloc) failed to allocate 32784 bytes for Chunk::new
# Possible reasons:
#   The system is out of physical RAM or swap space
#   The process is running with CompressedOops enabled, and the Java Heap may be blocking the growth of the native heap
# Possible solutions:
#   Reduce memory load on the system
#   Increase physical memory or swap space
#   Check if swap backing store is full
#   Decrease Java heap size (-Xmx/-Xms)
#   Decrease number of Java threads
#   Decrease Java thread stack sizes (-Xss)
#   Set larger code cache with -XX:ReservedCodeCacheSize=
#   JVM is running with Unscaled Compressed Oops mode in which the Java heap is
#     placed in the first 4GB address space. The Java Heap base address is the
#     maximum limit for the native heap growth. Please use -XX:HeapBaseMinAddress
#     to set the Java Heap base and to place the Java Heap above 4GB virtual address.
# This output file may be truncated or incomplete.
#
#  Out of Memory Error (allocation.cpp:389), pid=14704, tid=0x0000000000002710
#
# JRE version: OpenJDK Runtime Environment (8.0_242-b01) (build 1.8.0_242-release-1644-b01)
# Java VM: OpenJDK 64-Bit Server VM (25.242-b01 mixed mode windows-amd64 compressed oops)
# Failed to write core dump. Minidumps are not enabled by default on client versions of Windows
#

---------------  T H R E A D  ---------------

Current thread (0x000000001918b000):  JavaThread "C2 CompilerThread0" daemon [_thread_in_native, id=10000, stack(0x000000001a800000,0x000000001a900000)]

Stack: [0x000000001a800000,0x000000001a900000]
[error occurred during error reporting (printing stack bounds), id 0xc0000005]

Native frames: (J=compiled Java code, j=interpreted, Vv=VM code, C=native code)


Current CompileTask:
C2:  95180 10405       4       org.gradle.internal.component.model.ComponentAttributeMatcher::match (259 bytes)


---------------  P R O C E S S  ---------------

Java Threads: ( => current thread )
  0x000000002110c800 JavaThread "Cache worker for file content cache (C:\Users\admin\AndroidStudioProjects\MyApplication19\.gradle\6.5\fileContent)" [_thread_blocked, id=6576, stack(0x0000000029270000,0x0000000029370000)]
  0x000000002110a800 JavaThread "Cache worker for Build Output Cleanup Cache (C:\Users\admin\AndroidStudioProjects\MyApplication19\.gradle\buildOutputCleanup)" [_thread_blocked, id=10132, stack(0x0000000028f70000,0x0000000029070000)]
  0x0000000021111000 JavaThread "Build operations Thread 12" [_thread_blocked, id=16112, stack(0x0000000023270000,0x0000000023370000)]
  0x000000002110f000 JavaThread "Build operations Thread 11" [_thread_blocked, id=14876, stack(0x0000000023170000,0x0000000023270000)]
  0x0000000021110800 JavaThread "Build operations Thread 10" [_thread_blocked, id=15840, stack(0x0000000023070000,0x0000000023170000)]
  0x000000002110f800 JavaThread "Build operations Thread 9" [_thread_blocked, id=9100, stack(0x0000000022f70000,0x0000000023070000)]
  0x0000000021109000 JavaThread "Build operations Thread 8" [_thread_blocked, id=16068, stack(0x0000000022e70000,0x0000000022f70000)]
  0x0000000020a19800 JavaThread "Build operations Thread 7" [_thread_blocked, id=10292, stack(0x0000000022d70000,0x0000000022e70000)]
  0x0000000020a18000 JavaThread "Build operations Thread 6" [_thread_blocked, id=11348, stack(0x0000000022c70000,0x0000000022d70000)]
  0x0000000020a18800 JavaThread "Build operations Thread 5" [_thread_blocked, id=10528, stack(0x0000000022b70000,0x0000000022c70000)]
  0x0000000020a1a000 JavaThread "Build operations Thread 4" [_thread_blocked, id=3500, stack(0x0000000022a70000,0x0000000022b70000)]
  0x0000000020a16800 JavaThread "Build operations Thread 3" [_thread_blocked, id=14520, stack(0x0000000022550000,0x0000000022650000)]
  0x0000000020a1c800 JavaThread "Build operations Thread 2" [_thread_blocked, id=5476, stack(0x0000000022150000,0x0000000022250000)]
  0x0000000020a1b000 JavaThread "Build operations" [_thread_blocked, id=12600, stack(0x0000000021950000,0x0000000021a50000)]
  0x0000000020a0e000 JavaThread "Cache worker for cache directory md-rule (C:\Users\admin\.gradle\caches\6.5\md-rule)" [_thread_blocked, id=2248, stack(0x0000000021850000,0x0000000021950000)]
  0x0000000020a15000 JavaThread "Cache worker for cache directory md-supplier (C:\Users\admin\.gradle\caches\6.5\md-supplier)" [_thread_blocked, id=9616, stack(0x0000000021750000,0x0000000021850000)]
  0x0000000020a0d000 JavaThread "Cache worker for checksums cache (C:\Users\admin\AndroidStudioProjects\MyApplication19\.gradle\checksums)" [_thread_blocked, id=2656, stack(0x00000000211f0000,0x00000000212f0000)]
  0x0000000020a14000 JavaThread "Cache worker for file hash cache (C:\Users\admin\AndroidStudioProjects\MyApplication19\.gradle\6.5\fileHashes)" [_thread_blocked, id=11368, stack(0x000000001ea50000,0x000000001eb50000)]
  0x0000000020a13800 JavaThread "Thread-303" [_thread_blocked, id=15020, stack(0x000000001e950000,0x000000001ea50000)]
  0x0000000020a11800 JavaThread "Stdin handler" [_thread_blocked, id=12032, stack(0x000000001e850000,0x000000001e950000)]
  0x0000000020a0f800 JavaThread "Asynchronous log dispatcher for DefaultDaemonConnection: socket connection from /127.0.0.1:54976 to /127.0.0.1:62993" [_thread_blocked, id=6680, stack(0x000000001e750000,0x000000001e850000)]
  0x0000000020a12800 JavaThread "Cancel handler" [_thread_blocked, id=3476, stack(0x0000000000b70000,0x0000000000c70000)]
  0x0000000020a11000 JavaThread "Handler for socket connection from /127.0.0.1:54976 to /127.0.0.1:62993" [_thread_in_native, id=10552, stack(0x0000000000a70000,0x0000000000b70000)]
  0x000000002110d800 JavaThread "jar transforms Thread 184" [_thread_blocked, id=8656, stack(0x0000000028e70000,0x0000000028f70000)]
  0x0000000021108000 JavaThread "jar transforms Thread 183" [_thread_blocked, id=10260, stack(0x0000000028d70000,0x0000000028e70000)]
  0x000000002110e000 JavaThread "jar transforms Thread 182" [_thread_blocked, id=12912, stack(0x0000000028c70000,0x0000000028d70000)]
  0x000000002110c000 JavaThread "jar transforms Thread 181" [_thread_blocked, id=3620, stack(0x0000000028b70000,0x0000000028c70000)]
  0x000000002110b000 JavaThread "jar transforms Thread 180" [_thread_blocked, id=1472, stack(0x0000000028a70000,0x0000000028b70000)]
  0x0000000021109800 JavaThread "jar transforms Thread 179" [_thread_blocked, id=16284, stack(0x0000000028970000,0x0000000028a70000)]
  0x0000000021103800 JavaThread "jar transforms Thread 178" [_thread_blocked, id=2512, stack(0x0000000028870000,0x0000000028970000)]
  0x0000000021104800 JavaThread "jar transforms Thread 177" [_thread_blocked, id=16148, stack(0x0000000028770000,0x0000000028870000)]
  0x0000000021105000 JavaThread "jar transforms Thread 176" [_thread_blocked, id=15172, stack(0x0000000028670000,0x0000000028770000)]
  0x0000000021107800 JavaThread "jar transforms Thread 175" [_thread_blocked, id=15332, stack(0x0000000028570000,0x0000000028670000)]
  0x0000000021102000 JavaThread "jar transforms Thread 174" [_thread_blocked, id=14852, stack(0x0000000028470000,0x0000000028570000)]
  0x0000000021103000 JavaThread "jar transforms Thread 173" [_thread_blocked, id=14928, stack(0x0000000028370000,0x0000000028470000)]
  0x0000000021106000 JavaThread "jar transforms Thread 172" [_thread_blocked, id=11076, stack(0x0000000028270000,0x0000000028370000)]
  0x0000000021106800 JavaThread "jar transforms Thread 171" [_thread_blocked, id=14908, stack(0x0000000028170000,0x0000000028270000)]
  0x000000001d2d3000 JavaThread "jar transforms Thread 170" [_thread_blocked, id=8000, stack(0x0000000028070000,0x0000000028170000)]
  0x000000001d2d1800 JavaThread "jar transforms Thread 169" [_thread_blocked, id=12832, stack(0x0000000027f70000,0x0000000028070000)]
  0x000000001d2d0800 JavaThread "jar transforms Thread 168" [_thread_blocked, id=9236, stack(0x0000000027e70000,0x0000000027f70000)]
  0x000000001d2d0000 JavaThread "jar transforms Thread 167" [_thread_blocked, id=15000, stack(0x0000000027d70000,0x0000000027e70000)]
  0x000000001d2d4000 JavaThread "jar transforms Thread 166" [_thread_blocked, id=3424, stack(0x0000000027c70000,0x0000000027d70000)]
  0x000000001d2cf000 JavaThread "jar transforms Thread 165" [_thread_blocked, id=6908, stack(0x0000000027b70000,0x0000000027c70000)]
  0x000000001d2d2000 JavaThread "jar transforms Thread 164" [_thread_blocked, id=7120, stack(0x0000000027a70000,0x0000000027b70000)]
  0x000000001d2ce800 JavaThread "jar transforms Thread 163" [_thread_blocked, id=9124, stack(0x0000000027970000,0x0000000027a70000)]
  0x000000001d2c7000 JavaThread "jar transforms Thread 162" [_thread_blocked, id=10780, stack(0x0000000027870000,0x0000000027970000)]
  0x000000001d2cd800 JavaThread "jar transforms Thread 161" [_thread_blocked, id=14996, stack(0x0000000027770000,0x0000000027870000)]
  0x000000001d2cd000 JavaThread "jar transforms Thread 160" [_thread_blocked, id=6712, stack(0x0000000027670000,0x0000000027770000)]
  0x000000001d2c7800 JavaThread "jar transforms Thread 159" [_thread_blocked, id=7716, stack(0x0000000027570000,0x0000000027670000)]
  0x000000001d2c5800 JavaThread "jar transforms Thread 158" [_thread_blocked, id=10804, stack(0x0000000027470000,0x0000000027570000)]
  0x000000001d2ca000 JavaThread "jar transforms Thread 157" [_thread_blocked, id=2232, stack(0x0000000027370000,0x0000000027470000)]
  0x000000001d2cc000 JavaThread "jar transforms Thread 156" [_thread_blocked, id=15912, stack(0x0000000027270000,0x0000000027370000)]
  0x000000001d2c4800 JavaThread "jar transforms Thread 155" [_thread_blocked, id=5484, stack(0x0000000027170000,0x0000000027270000)]
  0x000000001d2cb800 JavaThread "jar transforms Thread 154" [_thread_blocked, id=15916, stack(0x0000000027070000,0x0000000027170000)]
  0x000000001d2ca800 JavaThread "jar transforms Thread 153" [_thread_blocked, id=1924, stack(0x0000000026f70000,0x0000000027070000)]
  0x000000001d2c9000 JavaThread "jar transforms Thread 152" [_thread_blocked, id=9160, stack(0x0000000026e70000,0x0000000026f70000)]
  0x000000001d2c6000 JavaThread "jar transforms Thread 151" [_thread_blocked, id=6672, stack(0x0000000026d70000,0x0000000026e70000)]
  0x000000001d2c8800 JavaThread "jar transforms Thread 150" [_thread_blocked, id=5900, stack(0x0000000026c70000,0x0000000026d70000)]
  0x000000001d2bf000 JavaThread "jar transforms Thread 149" [_thread_blocked, id=12152, stack(0x0000000026b70000,0x0000000026c70000)]
  0x000000001d2c0800 JavaThread "jar transforms Thread 148" [_thread_blocked, id=14456, stack(0x0000000026a70000,0x0000000026b70000)]
  0x000000001d2be000 JavaThread "jar transforms Thread 147" [_thread_blocked, id=14512, stack(0x0000000026970000,0x0000000026a70000)]
  0x000000001d2c2000 JavaThread "jar transforms Thread 146" [_thread_blocked, id=4800, stack(0x0000000026870000,0x0000000026970000)]
  0x000000001d2c1800 JavaThread "jar transforms Thread 145" [_thread_blocked, id=8996, stack(0x0000000026770000,0x0000000026870000)]
  0x000000001d2bf800 JavaThread "jar transforms Thread 144" [_thread_blocked, id=5264, stack(0x0000000026670000,0x0000000026770000)]
  0x000000001d2c3000 JavaThread "jar transforms Thread 143" [_thread_blocked, id=15008, stack(0x0000000026570000,0x0000000026670000)]
  0x000000001d2bd800 JavaThread "jar transforms Thread 142" [_thread_blocked, id=15216, stack(0x0000000026470000,0x0000000026570000)]
  0x000000001d2c3800 JavaThread "jar transforms Thread 141" [_thread_blocked, id=14128, stack(0x0000000026370000,0x0000000026470000)]
  0x000000001d2b6000 JavaThread "jar transforms Thread 140" [_thread_blocked, id=14900, stack(0x0000000026270000,0x0000000026370000)]
  0x000000001d2bc800 JavaThread "jar transforms Thread 139" [_thread_blocked, id=11536, stack(0x0000000026170000,0x0000000026270000)]
  0x000000001d2b8000 JavaThread "jar transforms Thread 138" [_thread_blocked, id=8776, stack(0x0000000026070000,0x0000000026170000)]
  0x000000001d2bb000 JavaThread "jar transforms Thread 137" [_thread_blocked, id=8176, stack(0x0000000025f70000,0x0000000026070000)]
  0x000000001d2b7800 JavaThread "jar transforms Thread 136" [_thread_blocked, id=12936, stack(0x0000000025e70000,0x0000000025f70000)]
  0x000000001d2bc000 JavaThread "jar transforms Thread 135" [_thread_blocked, id=2936, stack(0x0000000025d70000,0x0000000025e70000)]
  0x000000001d2b5000 JavaThread "jar transforms Thread 134" [_thread_blocked, id=6376, stack(0x0000000025c70000,0x0000000025d70000)]
  0x000000001d2ba800 JavaThread "jar transforms Thread 133" [_thread_blocked, id=8896, stack(0x0000000025b70000,0x0000000025c70000)]
  0x000000001d2b9800 JavaThread "jar transforms Thread 132" [_thread_blocked, id=12592, stack(0x0000000025a70000,0x0000000025b70000)]
  0x000000001d2b6800 JavaThread "jar transforms Thread 131" [_thread_blocked, id=6560, stack(0x0000000025970000,0x0000000025a70000)]
  0x000000001d2b4800 JavaThread "jar transforms Thread 130" [_thread_blocked, id=11080, stack(0x0000000025870000,0x0000000025970000)]
  0x000000001d2b9000 JavaThread "jar transforms Thread 129" [_thread_blocked, id=15740, stack(0x0000000025770000,0x0000000025870000)]
  0x000000001cfe5800 JavaThread "jar transforms Thread 128" [_thread_blocked, id=5960, stack(0x0000000025670000,0x0000000025770000)]
  0x000000001cfe5000 JavaThread "jar transforms Thread 127" [_thread_blocked, id=2880, stack(0x0000000025570000,0x0000000025670000)]
  0x000000001cfe2000 JavaThread "jar transforms Thread 126" [_thread_blocked, id=5572, stack(0x0000000025470000,0x0000000025570000)]
  0x000000001cfe6800 JavaThread "jar transforms Thread 125" [_thread_blocked, id=14648, stack(0x0000000025370000,0x0000000025470000)]
  0x0000000019192000 JavaThread "jar transforms Thread 124" [_thread_blocked, id=14580, stack(0x0000000025270000,0x0000000025370000)]
  0x0000000019191000 JavaThread "jar transforms Thread 123" [_thread_blocked, id=5636, stack(0x0000000025170000,0x0000000025270000)]
  0x0000000019196800 JavaThread "jar transforms Thread 122" [_thread_blocked, id=9004, stack(0x0000000025070000,0x0000000025170000)]
  0x0000000019190800 JavaThread "jar transforms Thread 121" [_thread_blocked, id=8092, stack(0x0000000024f70000,0x0000000025070000)]
  0x0000000029b38800 JavaThread "jar transforms Thread 120" [_thread_blocked, id=15252, stack(0x0000000024e70000,0x0000000024f70000)]
  0x0000000029b37000 JavaThread "jar transforms Thread 119" [_thread_blocked, id=1788, stack(0x0000000024d70000,0x0000000024e70000)]
  0x0000000029b3a800 JavaThread "jar transforms Thread 118" [_thread_blocked, id=11520, stack(0x0000000024c70000,0x0000000024d70000)]
  0x0000000029b34800 JavaThread "jar transforms Thread 117" [_thread_blocked, id=3876, stack(0x0000000024b70000,0x0000000024c70000)]
  0x0000000029b3b800 JavaThread "jar transforms Thread 116" [_thread_blocked, id=11608, stack(0x0000000024a70000,0x0000000024b70000)]
  0x0000000029b37800 JavaThread "jar transforms Thread 115" [_thread_blocked, id=14504, stack(0x0000000024970000,0x0000000024a70000)]
  0x0000000029b2d000 JavaThread "jar transforms Thread 114" [_thread_blocked, id=11284, stack(0x0000000024870000,0x0000000024970000)]
  0x0000000029b31800 JavaThread "jar transforms Thread 113" [_thread_blocked, id=10248, stack(0x0000000024770000,0x0000000024870000)]
  0x0000000029b30000 JavaThread "jar transforms Thread 112" [_thread_blocked, id=8328, stack(0x0000000024670000,0x0000000024770000)]
  0x0000000029b31000 JavaThread "jar transforms Thread 111" [_thread_blocked, id=11068, stack(0x0000000024570000,0x0000000024670000)]
  0x0000000029b2f800 JavaThread "jar transforms Thread 110" [_thread_blocked, id=2652, stack(0x0000000024470000,0x0000000024570000)]
  0x0000000029b34000 JavaThread "jar transforms Thread 109" [_thread_blocked, id=9040, stack(0x0000000024370000,0x0000000024470000)]
  0x0000000029b2c000 JavaThread "jar transforms Thread 108" [_thread_blocked, id=10676, stack(0x0000000024270000,0x0000000024370000)]
  0x0000000029b33000 JavaThread "jar transforms Thread 107" [_thread_blocked, id=12888, stack(0x0000000024170000,0x0000000024270000)]
  0x0000000029b2e800 JavaThread "jar transforms Thread 106" [_thread_blocked, id=2448, stack(0x0000000024070000,0x0000000024170000)]
  0x0000000029b32800 JavaThread "jar transforms Thread 105" [_thread_blocked, id=1072, stack(0x0000000023f70000,0x0000000024070000)]
  0x000000001bf66800 JavaThread "jar transforms Thread 104" [_thread_blocked, id=14880, stack(0x0000000023e70000,0x0000000023f70000)]
  0x000000001bf62000 JavaThread "jar transforms Thread 103" [_thread_blocked, id=14352, stack(0x0000000023d70000,0x0000000023e70000)]
  0x000000001bf61800 JavaThread "jar transforms Thread 102" [_thread_blocked, id=16088, stack(0x0000000023c70000,0x0000000023d70000)]
  0x000000001bf66000 JavaThread "jar transforms Thread 101" [_thread_blocked, id=11088, stack(0x0000000023b70000,0x0000000023c70000)]
  0x000000001bf60800 JavaThread "jar transforms Thread 100" [_thread_blocked, id=11588, stack(0x0000000023a70000,0x0000000023b70000)]
  0x000000001bf64800 JavaThread "jar transforms Thread 99" [_thread_blocked, id=2932, stack(0x0000000023970000,0x0000000023a70000)]
  0x000000001bf63800 JavaThread "jar transforms Thread 98" [_thread_blocked, id=1392, stack(0x0000000023870000,0x0000000023970000)]
  0x000000001bf63000 JavaThread "jar transforms Thread 97" [_thread_blocked, id=8052, stack(0x0000000023770000,0x0000000023870000)]
  0x000000001bf65000 JavaThread "jar transforms Thread 96" [_thread_blocked, id=11460, stack(0x0000000023670000,0x0000000023770000)]
  0x000000001bf59000 JavaThread "jar transforms Thread 95" [_thread_blocked, id=11116, stack(0x0000000023570000,0x0000000023670000)]
  0x000000001bf60000 JavaThread "jar transforms Thread 94" [_thread_blocked, id=10204, stack(0x0000000023470000,0x0000000023570000)]
  0x000000001bf58800 JavaThread "jar transforms Thread 93" [_thread_blocked, id=15824, stack(0x0000000023370000,0x0000000023470000)]
  0x0000000020a10000 JavaThread "Daemon worker Thread 2" [_thread_in_Java, id=12340, stack(0x000000001e350000,0x000000001e450000)]
  0x0000000020a0e800 JavaThread "Daemon Thread 2" [_thread_blocked, id=9188, stack(0x0000000000970000,0x0000000000a70000)]
  0x0000000020a17000 JavaThread "Memory manager" [_thread_blocked, id=2024, stack(0x000000002af40000,0x000000002b040000)]
  0x000000001cfe2800 JavaThread "Cache worker for file content cache (C:\Users\admin\.gradle\caches\6.5\fileContent)" [_thread_blocked, id=15280, stack(0x0000000022250000,0x0000000022350000)]
  0x0000000019192800 JavaThread "Cache worker for execution history cache (C:\Users\admin\.gradle\caches\6.5\executionHistory)" [_thread_blocked, id=15876, stack(0x0000000021a50000,0x0000000021b50000)]
  0x000000001918f800 JavaThread "Cache worker for file hash cache (C:\Users\admin\.gradle\caches\6.5\fileHashes)" [_thread_blocked, id=9296, stack(0x000000001ef50000,0x000000001f050000)]
  0x0000000019194000 JavaThread "File lock request listener" [_thread_in_native, id=11028, stack(0x000000001ee50000,0x000000001ef50000)]
  0x000000001ca6f800 JavaThread "Cache worker for journal cache (C:\Users\admin\.gradle\caches\journal-1)" [_thread_blocked, id=7956, stack(0x000000001ed50000,0x000000001ee50000)]
  0x000000001c952800 JavaThread "Daemon periodic checks" [_thread_blocked, id=9212, stack(0x000000001e050000,0x000000001e150000)]
  0x000000001c935000 JavaThread "Incoming local TCP Connector on port 54976" [_thread_in_native, id=14564, stack(0x000000001de00000,0x000000001df00000)]
  0x000000001c5c8800 JavaThread "Daemon health stats" [_thread_blocked, id=14712, stack(0x000000001d7a0000,0x000000001d8a0000)]
  0x0000000019218800 JavaThread "Service Thread" daemon [_thread_blocked, id=14356, stack(0x000000001ac00000,0x000000001ad00000)]
  0x0000000019195800 JavaThread "C1 CompilerThread3" daemon [_thread_in_vm, id=5884, stack(0x000000001ab00000,0x000000001ac00000)]
  0x0000000019193800 JavaThread "C2 CompilerThread2" daemon [_thread_in_native, id=15324, stack(0x000000001aa00000,0x000000001ab00000)]
  0x0000000019195000 JavaThread "C2 CompilerThread1" daemon [_thread_in_native, id=9224, stack(0x000000001a900000,0x000000001aa00000)]
=>0x000000001918b000 JavaThread "C2 CompilerThread0" daemon [_thread_in_native, id=10000, stack(0x000000001a800000,0x000000001a900000)]
  0x0000000019185800 JavaThread "Attach Listener" daemon [_thread_blocked, id=13232, stack(0x000000001a700000,0x000000001a800000)]
  0x0000000019184000 JavaThread "Signal Dispatcher" daemon [_thread_blocked, id=16280, stack(0x000000001a600000,0x000000001a700000)]
  0x00000000027da000 JavaThread "Finalizer" daemon [_thread_blocked, id=15272, stack(0x000000001a3e0000,0x000000001a4e0000)]
  0x0000000017a8c800 JavaThread "Reference Handler" daemon [_thread_blocked, id=12420, stack(0x000000001a2e0000,0x000000001a3e0000)]
  0x00000000026e2800 JavaThread "main" [_thread_blocked, id=14700, stack(0x00000000025c0000,0x00000000026c0000)]

Other Threads:
  0x0000000017a85800 VMThread [stack: 0x000000001a1e0000,0x000000001a2e0000] [id=6904]
  0x0000000019222800 WatcherThread [stack: 0x000000001ad00000,0x000000001ae00000] [id=3996]

VM state:not at safepoint (normal execution)

VM Mutex/Monitor currently owned by a thread: None

heap address: 0x0000000080000000, size: 2048 MB, Compressed Oops mode: 32-bit
Narrow klass base: 0x0000000000000000, Narrow klass shift: 3
Compressed class space size: 1073741824 Address: 0x0000000100000000

Heap:
 PSYoungGen      total 353280K, used 351129K [0x00000000d5580000, 0x00000000f0a00000, 0x0000000100000000)
  eden space 329216K, 99% used [0x00000000d5580000,0x00000000e94e77b8,0x00000000e9700000)
  from space 24064K, 99% used [0x00000000e9700000,0x00000000eae7eff8,0x00000000eae80000)
  to   space 27648K, 0% used [0x00000000eef00000,0x00000000eef00000,0x00000000f0a00000)
 ParOldGen       total 207872K, used 36506K [0x0000000080000000, 0x000000008cb00000, 0x00000000d5580000)
  object space 207872K, 17% used [0x0000000080000000,0x00000000823a6aa8,0x000000008cb00000)
 Metaspace       used 68563K, capacity 72267K, committed 72600K, reserved 1112064K
  class space    used 9119K, capacity 9805K, committed 9904K, reserved 1048576K

Card table byte_map: [0x0000000011bb0000,0x0000000011fc0000] byte_map_base: 0x00000000117b0000

Marking Bits: (ParMarkBitMap*) 0x000000005336f030
 Begin Bits: [0x0000000012c70000, 0x0000000014c70000)
 End Bits:   [0x0000000014c70000, 0x0000000016c70000)

Polling page: 0x00000000026c0000

CodeCache: size=245760Kb used=28398Kb max_used=28398Kb free=217361Kb
 bounds [0x00000000027f0000, 0x00000000043d0000, 0x00000000117f0000]
 total_blobs=9914 nmethods=9130 adapters=697
 compilation: enabled

Compilation events (10 events):
Event: 95.176 Thread 0x0000000019195800 10576       3       com.sun.org.apache.xerces.internal.parsers.XML11Configuration::checkProperty (176 bytes)
Event: 95.177 Thread 0x0000000019195800 nmethod 10576 0x00000000043c31d0 code [0x00000000043c34c0, 0x00000000043c5148]
Event: 95.177 Thread 0x0000000019195800 10575       3       java.net.URLClassLoader$3::next (73 bytes)
Event: 95.177 Thread 0x0000000019195800 nmethod 10575 0x00000000043bc8d0 code [0x00000000043bcaa0, 0x00000000043bd118]
Event: 95.177 Thread 0x0000000019195800 10577       3       com.sun.org.apache.xerces.internal.parsers.XIncludeAwareParserConfiguration::setFeature (27 bytes)
Event: 95.177 Thread 0x0000000019195800 nmethod 10577 0x00000000043bc390 code [0x00000000043bc500, 0x00000000043bc7d8]
Event: 95.177 Thread 0x0000000019195800 10578       1       com.sun.xml.bind.v2.runtime.unmarshaller.UnmarshallingContext$State::getTarget (5 bytes)
Event: 95.177 Thread 0x0000000019195800 nmethod 10578 0x00000000043bc0d0 code [0x00000000043bc220, 0x00000000043bc330]
Event: 95.178 Thread 0x0000000019195800 10579       3       javax.xml.bind.annotation.adapters.CollapsedStringAdapter::isWhiteSpace (38 bytes)
Event: 95.178 Thread 0x0000000019195800 nmethod 10579 0x00000000043bbc50 code [0x00000000043bbdc0, 0x00000000043bc050]

GC Heap History (10 events):
Event: 2.509 GC heap before
{Heap before GC invocations=8 (full 2):
 PSYoungGen      total 236032K, used 8474K [0x00000000d5580000, 0x00000000e4c00000, 0x0000000100000000)
  eden space 221696K, 0% used [0x00000000d5580000,0x00000000d5580000,0x00000000e2e00000)
  from space 14336K, 59% used [0x00000000e3e00000,0x00000000e4646908,0x00000000e4c00000)
  to   space 15360K, 0% used [0x00000000e2e00000,0x00000000e2e00000,0x00000000e3d00000)
 ParOldGen       total 91648K, used 10276K [0x0000000080000000, 0x0000000085980000, 0x00000000d5580000)
  object space 91648K, 11% used [0x0000000080000000,0x0000000080a09310,0x0000000085980000)
 Metaspace       used 34359K, capacity 35432K, committed 35496K, reserved 1079296K
  class space    used 4735K, capacity 5007K, committed 5040K, reserved 1048576K
Event: 2.540 GC heap after
Heap after GC invocations=8 (full 2):
 PSYoungGen      total 236032K, used 0K [0x00000000d5580000, 0x00000000e4c00000, 0x0000000100000000)
  eden space 221696K, 0% used [0x00000000d5580000,0x00000000d5580000,0x00000000e2e00000)
  from space 14336K, 0% used [0x00000000e3e00000,0x00000000e3e00000,0x00000000e4c00000)
  to   space 15360K, 0% used [0x00000000e2e00000,0x00000000e2e00000,0x00000000e3d00000)
 ParOldGen       total 138240K, used 14694K [0x0000000080000000, 0x0000000088700000, 0x00000000d5580000)
  object space 138240K, 10% used [0x0000000080000000,0x0000000080e59930,0x0000000088700000)
 Metaspace       used 34359K, capacity 35432K, committed 35496K, reserved 1079296K
  class space    used 4735K, capacity 5007K, committed 5040K, reserved 1048576K
}
Event: 3.859 GC heap before
{Heap before GC invocations=9 (full 2):
 PSYoungGen      total 236032K, used 221696K [0x00000000d5580000, 0x00000000e4c00000, 0x0000000100000000)
  eden space 221696K, 100% used [0x00000000d5580000,0x00000000e2e00000,0x00000000e2e00000)
  from space 14336K, 0% used [0x00000000e3e00000,0x00000000e3e00000,0x00000000e4c00000)
  to   space 15360K, 0% used [0x00000000e2e00000,0x00000000e2e00000,0x00000000e3d00000)
 ParOldGen       total 138240K, used 14694K [0x0000000080000000, 0x0000000088700000, 0x00000000d5580000)
  object space 138240K, 10% used [0x0000000080000000,0x0000000080e59930,0x0000000088700000)
 Metaspace       used 46274K, capacity 48206K, committed 48424K, reserved 1091584K
  class space    used 6278K, capacity 6649K, committed 6704K, reserved 1048576K
Event: 3.869 GC heap after
Heap after GC invocations=9 (full 2):
 PSYoungGen      total 237056K, used 15329K [0x00000000d5580000, 0x00000000ec100000, 0x0000000100000000)
  eden space 221696K, 0% used [0x00000000d5580000,0x00000000d5580000,0x00000000e2e00000)
  from space 15360K, 99% used [0x00000000e2e00000,0x00000000e3cf8660,0x00000000e3d00000)
  to   space 18944K, 0% used [0x00000000eae80000,0x00000000eae80000,0x00000000ec100000)
 ParOldGen       total 138240K, used 17886K [0x0000000080000000, 0x0000000088700000, 0x00000000d5580000)
  object space 138240K, 12% used [0x0000000080000000,0x0000000081177ae8,0x0000000088700000)
 Metaspace       used 46274K, capacity 48206K, committed 48424K, reserved 1091584K
  class space    used 6278K, capacity 6649K, committed 6704K, reserved 1048576K
}
Event: 4.679 GC heap before
{Heap before GC invocations=10 (full 2):
 PSYoungGen      total 237056K, used 146235K [0x00000000d5580000, 0x00000000ec100000, 0x0000000100000000)
  eden space 221696K, 59% used [0x00000000d5580000,0x00000000dd556728,0x00000000e2e00000)
  from space 15360K, 99% used [0x00000000e2e00000,0x00000000e3cf8660,0x00000000e3d00000)
  to   space 18944K, 0% used [0x00000000eae80000,0x00000000eae80000,0x00000000ec100000)
 ParOldGen       total 138240K, used 17886K [0x0000000080000000, 0x0000000088700000, 0x00000000d5580000)
  object space 138240K, 12% used [0x0000000080000000,0x0000000081177ae8,0x0000000088700000)
 Metaspace       used 56555K, capacity 58979K, committed 59160K, reserved 1099776K
  class space    used 7753K, capacity 8240K, committed 8240K, reserved 1048576K
Event: 4.692 GC heap after
Heap after GC invocations=10 (full 2):
 PSYoungGen      total 348160K, used 18943K [0x00000000d5580000, 0x00000000ec780000, 0x0000000100000000)
  eden space 329216K, 0% used [0x00000000d5580000,0x00000000d5580000,0x00000000e9700000)
  from space 18944K, 99% used [0x00000000eae80000,0x00000000ec0fff20,0x00000000ec100000)
  to   space 24064K, 0% used [0x00000000e9700000,0x00000000e9700000,0x00000000eae80000)
 ParOldGen       total 138240K, used 23617K [0x0000000080000000, 0x0000000088700000, 0x00000000d5580000)
  object space 138240K, 17% used [0x0000000080000000,0x0000000081710648,0x0000000088700000)
 Metaspace       used 56555K, capacity 58979K, committed 59160K, reserved 1099776K
  class space    used 7753K, capacity 8240K, committed 8240K, reserved 1048576K
}
Event: 4.692 GC heap before
{Heap before GC invocations=11 (full 3):
 PSYoungGen      total 348160K, used 18943K [0x00000000d5580000, 0x00000000ec780000, 0x0000000100000000)
  eden space 329216K, 0% used [0x00000000d5580000,0x00000000d5580000,0x00000000e9700000)
  from space 18944K, 99% used [0x00000000eae80000,0x00000000ec0fff20,0x00000000ec100000)
  to   space 24064K, 0% used [0x00000000e9700000,0x00000000e9700000,0x00000000eae80000)
 ParOldGen       total 138240K, used 23617K [0x0000000080000000, 0x0000000088700000, 0x00000000d5580000)
  object space 138240K, 17% used [0x0000000080000000,0x0000000081710648,0x0000000088700000)
 Metaspace       used 56555K, capacity 58979K, committed 59160K, reserved 1099776K
  class space    used 7753K, capacity 8240K, committed 8240K, reserved 1048576K
Event: 4.828 GC heap after
Heap after GC invocations=11 (full 3):
 PSYoungGen      total 348160K, used 0K [0x00000000d5580000, 0x00000000ec780000, 0x0000000100000000)
  eden space 329216K, 0% used [0x00000000d5580000,0x00000000d5580000,0x00000000e9700000)
  from space 18944K, 0% used [0x00000000eae80000,0x00000000eae80000,0x00000000ec100000)
  to   space 24064K, 0% used [0x00000000e9700000,0x00000000e9700000,0x00000000eae80000)
 ParOldGen       total 207872K, used 36464K [0x0000000080000000, 0x000000008cb00000, 0x00000000d5580000)
  object space 207872K, 17% used [0x0000000080000000,0x000000008239c2a8,0x000000008cb00000)
 Metaspace       used 56478K, capacity 58715K, committed 59160K, reserved 1099776K
  class space    used 7729K, capacity 8196K, committed 8240K, reserved 1048576K
}
Event: 16.556 GC heap before
{Heap before GC invocations=12 (full 3):
 PSYoungGen      total 348160K, used 329216K [0x00000000d5580000, 0x00000000ec780000, 0x0000000100000000)
  eden space 329216K, 100% used [0x00000000d5580000,0x00000000e9700000,0x00000000e9700000)
  from space 18944K, 0% used [0x00000000eae80000,0x00000000eae80000,0x00000000ec100000)
  to   space 24064K, 0% used [0x00000000e9700000,0x00000000e9700000,0x00000000eae80000)
 ParOldGen       total 207872K, used 36464K [0x0000000080000000, 0x000000008cb00000, 0x00000000d5580000)
  object space 207872K, 17% used [0x0000000080000000,0x000000008239c2a8,0x000000008cb00000)
 Metaspace       used 67355K, capacity 70753K, committed 70936K, reserved 1110016K
  class space    used 9071K, capacity 9726K, committed 9776K, reserved 1048576K
Event: 16.567 GC heap after
Heap after GC invocations=12 (full 3):
 PSYoungGen      total 353280K, used 24059K [0x00000000d5580000, 0x00000000f0a00000, 0x0000000100000000)
  eden space 329216K, 0% used [0x00000000d5580000,0x00000000d5580000,0x00000000e9700000)
  from space 24064K, 99% used [0x00000000e9700000,0x00000000eae7eff8,0x00000000eae80000)
  to   space 27648K, 0% used [0x00000000eef00000,0x00000000eef00000,0x00000000f0a00000)
 ParOldGen       total 207872K, used 36506K [0x0000000080000000, 0x000000008cb00000, 0x00000000d5580000)
  object space 207872K, 17% used [0x0000000080000000,0x00000000823a6aa8,0x000000008cb00000)
 Metaspace       used 67355K, capacity 70753K, committed 70936K, reserved 1110016K
  class space    used 9071K, capacity 9726K, committed 9776K, reserved 1048576K
}

Deoptimization events (10 events):
Event: 50.866 Thread 0x000000001c952800 Uncommon trap: reason=bimorphic action=maybe_recompile pc=0x0000000003dd0a30 method=java.util.HashMap.removeNode(ILjava/lang/Object;Ljava/lang/Object;ZZ)Ljava/util/HashMap$Node; @ 283
Event: 60.877 Thread 0x000000001c952800 Uncommon trap: reason=bimorphic action=maybe_recompile pc=0x0000000003dd0a30 method=java.util.HashMap.removeNode(ILjava/lang/Object;Ljava/lang/Object;ZZ)Ljava/util/HashMap$Node; @ 283
Event: 82.394 Thread 0x0000000020a10000 Uncommon trap: reason=unstable_if action=reinterpret pc=0x0000000003f1b010 method=org.gradle.tooling.internal.provider.runner.SubtreeFilteringBuildOperationListener.started(Lorg/gradle/internal/operations/BuildOperationDescriptor;Lorg/gradle/internal/oper
Event: 82.514 Thread 0x0000000020a10000 Uncommon trap: reason=array_check action=maybe_recompile pc=0x00000000041e3ae0 method=com.google.common.collect.ImmutableSet.construct(I[Ljava/lang/Object;)Lcom/google/common/collect/ImmutableSet; @ 122
Event: 82.638 Thread 0x000000001bf5d800 Uncommon trap: reason=unstable_if action=reinterpret pc=0x00000000041f585c method=com.google.common.cache.LongAdder.add(J)V @ 95
Event: 82.724 Thread 0x0000000020a15000 Uncommon trap: reason=unstable_if action=reinterpret pc=0x000000000326cb78 method=java.util.concurrent.ArrayBlockingQueue.enqueue(Ljava/lang/Object;)V @ 25
Event: 82.726 Thread 0x000000001ca6f800 Uncommon trap: reason=unstable_if action=reinterpret pc=0x0000000003de0d84 method=java.util.concurrent.ArrayBlockingQueue.dequeue()Ljava/lang/Object; @ 32
Event: 82.763 Thread 0x000000001b4c3800 Uncommon trap: reason=class_check action=maybe_recompile pc=0x0000000003c892a4 method=org.gradle.internal.fingerprint.classpath.impl.ClasspathFingerprintingStrategy$ClasspathContentFingerprintingVisitor.visitFile(Lorg/gradle/internal/snapshot/CompleteFile
Event: 95.172 Thread 0x0000000020a10000 Uncommon trap: reason=array_check action=maybe_recompile pc=0x00000000041e3ae0 method=com.google.common.collect.ImmutableSet.construct(I[Ljava/lang/Object;)Lcom/google/common/collect/ImmutableSet; @ 122
Event: 95.172 Thread 0x0000000020a10000 Uncommon trap: reason=array_check action=maybe_recompile pc=0x00000000041e3ae0 method=com.google.common.collect.ImmutableSet.construct(I[Ljava/lang/Object;)Lcom/google/common/collect/ImmutableSet; @ 122

Classes redefined (0 events):
No events

Internal exceptions (10 events):
Event: 82.500 Thread 0x0000000020a10000 Exception <a 'sun/nio/fs/WindowsException'> (0x00000000e1df7dc8) thrown at [C:\src\AOSP-openjdk-git\hotspot\src\share\vm\prims\jni.cpp, line 710]
Event: 82.679 Thread 0x000000002110f800 Exception <a 'sun/nio/fs/WindowsException'> (0x00000000e5c07f48) thrown at [C:\src\AOSP-openjdk-git\hotspot\src\share\vm\prims\jni.cpp, line 710]
Event: 82.679 Thread 0x000000002110f800 Exception <a 'sun/nio/fs/WindowsException'> (0x00000000e5c08c48) thrown at [C:\src\AOSP-openjdk-git\hotspot\src\share\vm\prims\jni.cpp, line 710]
Event: 82.679 Thread 0x000000002110f800 Exception <a 'sun/nio/fs/WindowsException'> (0x00000000e5c0c938) thrown at [C:\src\AOSP-openjdk-git\hotspot\src\share\vm\prims\jni.cpp, line 710]
Event: 82.679 Thread 0x000000002110f800 Exception <a 'sun/nio/fs/WindowsException'> (0x00000000e5c0d680) thrown at [C:\src\AOSP-openjdk-git\hotspot\src\share\vm\prims\jni.cpp, line 710]
Event: 82.679 Thread 0x000000002110f800 Exception <a 'sun/nio/fs/WindowsException'> (0x00000000e5c0f558) thrown at [C:\src\AOSP-openjdk-git\hotspot\src\share\vm\prims\jni.cpp, line 710]
Event: 82.679 Thread 0x000000002110f800 Exception <a 'sun/nio/fs/WindowsException'> (0x00000000e5c102b0) thrown at [C:\src\AOSP-openjdk-git\hotspot\src\share\vm\prims\jni.cpp, line 710]
Event: 82.706 Thread 0x000000001b4c3800 Exception <a 'sun/nio/fs/WindowsException'> (0x00000000e668c960) thrown at [C:\src\AOSP-openjdk-git\hotspot\src\share\vm\prims\jni.cpp, line 710]
Event: 82.706 Thread 0x000000001b4c3800 Exception <a 'sun/nio/fs/WindowsException'> (0x00000000e668d690) thrown at [C:\src\AOSP-openjdk-git\hotspot\src\share\vm\prims\jni.cpp, line 710]
Event: 95.175 Thread 0x0000000020a10000 Exception <a 'sun/nio/fs/WindowsException'> (0x00000000e92cc8e8) thrown at [C:\src\AOSP-openjdk-git\hotspot\src\share\vm\prims\jni.cpp, line 710]

Events (10 events):
Event: 95.136 Executing VM operation: BulkRevokeBias
Event: 95.138 Executing VM operation: BulkRevokeBias done
Event: 95.141 Thread 0x000000002110a800 Thread added: 0x000000002110a800
Event: 95.172 Thread 0x0000000020a10000 Uncommon trap: trap_request=0xffffffd6 fr.pc=0x00000000041e3ae0
Event: 95.172 Thread 0x0000000020a10000 DEOPT PACKING pc=0x00000000041e3ae0 sp=0x000000001e449190
Event: 95.172 Thread 0x0000000020a10000 DEOPT UNPACKING pc=0x000000000283557b sp=0x000000001e449120 mode 2
Event: 95.172 Thread 0x0000000020a10000 Uncommon trap: trap_request=0xffffffd6 fr.pc=0x00000000041e3ae0
Event: 95.172 Thread 0x0000000020a10000 DEOPT PACKING pc=0x00000000041e3ae0 sp=0x000000001e44a810
Event: 95.172 Thread 0x0000000020a10000 DEOPT UNPACKING pc=0x000000000283557b sp=0x000000001e44a7a0 mode 2
Event: 95.174 Thread 0x000000002110c800 Thread added: 0x000000002110c800


Dynamic libraries:
0x00007ff701ce0000 - 0x00007ff701d11000 	C:\Program Files\Android\Android Studio\jre\bin\java.exe
0x00007ffbd4030000 - 0x00007ffbd4225000 	C:\Windows\SYSTEM32\ntdll.dll
0x00007ffbd2a70000 - 0x00007ffbd2b2d000 	C:\Windows\System32\KERNEL32.DLL
0x00007ffbd1dd0000 - 0x00007ffbd2099000 	C:\Windows\System32\KERNELBASE.dll
0x00007ffbd26a0000 - 0x00007ffbd274c000 	C:\Windows\System32\ADVAPI32.dll
0x00007ffbd2c90000 - 0x00007ffbd2d2e000 	C:\Windows\System32\msvcrt.dll
0x00007ffbd29d0000 - 0x00007ffbd2a6b000 	C:\Windows\System32\sechost.dll
0x00007ffbd2890000 - 0x00007ffbd29ba000 	C:\Windows\System32\RPCRT4.dll
0x00007ffbd3d70000 - 0x00007ffbd3f10000 	C:\Windows\System32\USER32.dll
0x00007ffbd19b0000 - 0x00007ffbd19d2000 	C:\Windows\System32\win32u.dll
0x00007ffbd3c90000 - 0x00007ffbd3cba000 	C:\Windows\System32\GDI32.dll
0x00007ffbd1a10000 - 0x00007ffbd1b1b000 	C:\Windows\System32\gdi32full.dll
0x00007ffbd1d30000 - 0x00007ffbd1dcd000 	C:\Windows\System32\msvcp_win.dll
0x00007ffbd1770000 - 0x00007ffbd1870000 	C:\Windows\System32\ucrtbase.dll
0x00007ffbc33b0000 - 0x00007ffbc364a000 	C:\Windows\WinSxS\amd64_microsoft.windows.common-controls_6595b64144ccf1df_6.0.19041.1110_none_60b5254171f9507e\COMCTL32.dll
0x00007ffbd2670000 - 0x00007ffbd26a0000 	C:\Windows\System32\IMM32.DLL
0x0000000053c80000 - 0x0000000053d52000 	C:\Program Files\Android\Android Studio\jre\jre\bin\msvcr100.dll
0x0000000052ba0000 - 0x00000000533eb000 	C:\Program Files\Android\Android Studio\jre\jre\bin\server\jvm.dll
0x00007ffbd29c0000 - 0x00007ffbd29c8000 	C:\Windows\System32\PSAPI.DLL
0x00007ffbc2fa0000 - 0x00007ffbc2fc7000 	C:\Windows\SYSTEM32\WINMM.dll
0x00007ffbcc9c0000 - 0x00007ffbcc9c9000 	C:\Windows\SYSTEM32\WSOCK32.dll
0x00007ffbcbcc0000 - 0x00007ffbcbcca000 	C:\Windows\SYSTEM32\VERSION.dll
0x00007ffbd3bb0000 - 0x00007ffbd3c1b000 	C:\Windows\System32\WS2_32.dll
0x00007ffbbe8b0000 - 0x00007ffbbe8bf000 	C:\Program Files\Android\Android Studio\jre\jre\bin\verify.dll
0x00007ffb90c50000 - 0x00007ffb90c79000 	C:\Program Files\Android\Android Studio\jre\jre\bin\java.dll
0x00007ffbade30000 - 0x00007ffbade46000 	C:\Program Files\Android\Android Studio\jre\jre\bin\zip.dll
0x00007ffbd3470000 - 0x00007ffbd3baf000 	C:\Windows\System32\SHELL32.dll
0x00007ffbcf470000 - 0x00007ffbcfc01000 	C:\Windows\SYSTEM32\windows.storage.dll
0x00007ffbd2310000 - 0x00007ffbd2665000 	C:\Windows\System32\combase.dll
0x00007ffbd11e0000 - 0x00007ffbd120c000 	C:\Windows\SYSTEM32\Wldp.dll
0x00007ffbd20a0000 - 0x00007ffbd214e000 	C:\Windows\System32\SHCORE.dll
0x00007ffbd3f30000 - 0x00007ffbd3f85000 	C:\Windows\System32\shlwapi.dll
0x00007ffbd16b0000 - 0x00007ffbd16cf000 	C:\Windows\SYSTEM32\profapi.dll
0x00007ffba5e80000 - 0x00007ffba5e9a000 	C:\Program Files\Android\Android Studio\jre\jre\bin\net.dll
0x00007ffbd0f40000 - 0x00007ffbd0faa000 	C:\Windows\system32\mswsock.dll
0x00007ffb9b910000 - 0x00007ffb9b923000 	C:\Program Files\Android\Android Studio\jre\jre\bin\nio.dll
0x00007ffbb59a0000 - 0x00007ffbb59c7000 	C:\Users\admin\.gradle\native\f6784746aeab05261644944871eae4fe03e0ef1612fff0a4a95f87b438bc6780\windows-amd64\native-platform.dll
0x00007ffbbe860000 - 0x00007ffbbe86d000 	C:\Program Files\Android\Android Studio\jre\jre\bin\management.dll
0x00007ffbd1120000 - 0x00007ffbd1138000 	C:\Windows\SYSTEM32\CRYPTSP.dll
0x00007ffbd0870000 - 0x00007ffbd08a4000 	C:\Windows\system32\rsaenh.dll
0x00007ffbd19e0000 - 0x00007ffbd1a07000 	C:\Windows\System32\bcrypt.dll
0x00007ffbd1630000 - 0x00007ffbd165e000 	C:\Windows\SYSTEM32\USERENV.dll
0x00007ffbd1920000 - 0x00007ffbd19a3000 	C:\Windows\System32\bcryptprimitives.dll
0x00007ffbd1140000 - 0x00007ffbd114c000 	C:\Windows\SYSTEM32\CRYPTBASE.dll
0x00007ffbd0be0000 - 0x00007ffbd0c1b000 	C:\Windows\SYSTEM32\IPHLPAPI.DLL
0x00007ffbd3c20000 - 0x00007ffbd3c28000 	C:\Windows\System32\NSI.dll
0x00007ffbcc3a0000 - 0x00007ffbcc3b7000 	C:\Windows\SYSTEM32\dhcpcsvc6.DLL
0x00007ffbcc380000 - 0x00007ffbcc39d000 	C:\Windows\SYSTEM32\dhcpcsvc.DLL
0x00007ffbd0c30000 - 0x00007ffbd0cfc000 	C:\Windows\SYSTEM32\DNSAPI.dll
0x00007ffbcc560000 - 0x00007ffbcc56b000 	C:\Windows\SYSTEM32\WINNSI.DLL

VM Arguments:
jvm_args: -Xmx2048m -Dfile.encoding=UTF-8 -Duser.country=RU -Duser.language=ru -Duser.variant 
java_command: org.gradle.launcher.daemon.bootstrap.GradleDaemon 6.5
java_class_path (initial): C:\Users\admin\.gradle\wrapper\dists\gradle-6.5-bin\6nifqtx7604sqp1q6g8wikw7p\gradle-6.5\lib\gradle-launcher-6.5.jar
Launcher Type: SUN_STANDARD

Environment Variables:
PATH=C:\Program Files (x86)\Common Files\Oracle\Java\javapath;C:\Program Files\Microsoft MPI\Bin\;C:\Windows\system32;C:\Windows;C:\Windows\System32\Wbem;C:\Windows\System32\WindowsPowerShell\v1.0\;C:\Windows\System32\OpenSSH\;C:\Program Files (x86)\NVIDIA Corporation\PhysX\Common;C:\Program Files\NVIDIA Corporation\NVIDIA NvDLISR;C:\Program Files\Azure Data Studio\bin;C:\Program Files\Common Files\Autodesk Shared\;C:\Program Files (x86)\Microsoft SQL Server\150\DTS\Binn\;C:\Program Files (x86)\Microsoft SQL Server\110\DTS\Binn\;C:\Program Files (x86)\Microsoft SQL Server\120\DTS\Binn\;C:\Program Files (x86)\Microsoft SQL Server\130\DTS\Binn\;C:\Program Files (x86)\Microsoft SQL Server\140\DTS\Binn\;C:\Program Files\Microsoft SQL Server\Client SDK\ODBC\110\Tools\Binn\;C:\Program Files\Git\cmd;C:\Users\admin\AppData\Local\Programs\Python\Python39\Scripts\;C:\Users\admin\AppData\Local\Programs\Python\Python39\;C:\Users\admin\AppData\Local\Microsoft\WindowsApps;C:\Users\admin\.dotnet\tools;C:\Program Files\Azure Data Studio\bin;D:\php;C:\Users\admin\AppData\Local\atom\bin;C:\Program Files\JetBrains\PyCharm Community Edition 2020.3.3\bin;
USERNAME=admin
OS=Windows_NT
PROCESSOR_IDENTIFIER=AMD64 Family 23 Model 113 Stepping 0, AuthenticAMD



---------------  S Y S T E M  ---------------

OS: Windows 10.0 , 64 bit Build 19041 (10.0.19041.1023)

CPU:total 12 (initial active 12) (12 cores per cpu, 1 threads per core) family 23 model 113 stepping 0, cmov, cx8, fxsr, mmx, sse, sse2, sse3, ssse3, sse4.1, sse4.2, popcnt, avx, avx2, aes, clmul, mmxext, 3dnowpref, lzcnt, sse4a, tsc, tscinvbit, tscinv, bmi1

Memory: 4k page, physical 16701192k(3977836k free), swap 24893192k(5452k free)

vm_info: OpenJDK 64-Bit Server VM (25.242-b01) for windows-amd64 JRE (1.8.0_242-release-1644-b01), built by "builder" with MS VC++ 10.0 (VS2010)

time: Thu Jul 15 22:45:43 2021
timezone: RTZ 9 (зима)
elapsed time: 95 seconds (0d 0h 1m 35s)

