#
# There is insufficient memory for the Java Runtime Environment to continue.
# Native memory allocation (malloc) failed to allocate 821136 bytes for Chunk::new
# Possible reasons:
#   The system is out of physical RAM or swap space
#   The process is running with CompressedOops enabled, and the Java Heap may be blocking the growth of the native heap
# Possible solutions:
#   Reduce memory load on the system
#   Increase physical memory or swap space
#   Check if swap backing store is full
#   Decrease Java heap size (-Xmx/-Xms)
#   Decrease number of Java threads
#   Decrease Java thread stack sizes (-Xss)
#   Set larger code cache with -XX:ReservedCodeCacheSize=
#   JVM is running with Unscaled Compressed Oops mode in which the Java heap is
#     placed in the first 4GB address space. The Java Heap base address is the
#     maximum limit for the native heap growth. Please use -XX:HeapBaseMinAddress
#     to set the Java Heap base and to place the Java Heap above 4GB virtual address.
# This output file may be truncated or incomplete.
#
#  Out of Memory Error (allocation.cpp:389), pid=3108, tid=0x00000000000033a0
#
# JRE version: OpenJDK Runtime Environment (8.0_242-b01) (build 1.8.0_242-release-1644-b01)
# Java VM: OpenJDK 64-Bit Server VM (25.242-b01 mixed mode windows-amd64 compressed oops)
# Failed to write core dump. Minidumps are not enabled by default on client versions of Windows
#

---------------  T H R E A D  ---------------

Current thread (0x0000000019a58000):  JavaThread "C2 CompilerThread2" daemon [_thread_in_native, id=13216, stack(0x000000001b2a0000,0x000000001b3a0000)]

Stack: [0x000000001b2a0000,0x000000001b3a0000]
[error occurred during error reporting (printing stack bounds), id 0xc0000005]

Native frames: (J=compiled Java code, j=interpreted, Vv=VM code, C=native code)


Current CompileTask:
C2:   4030 5265       4       java.net.URLClassLoader$1::run (5 bytes)


---------------  P R O C E S S  ---------------

Java Threads: ( => current thread )
  0x0000000020051800 JavaThread "Cache worker for file content cache (C:\Users\admin\AndroidStudioProjects\MyApplication19\.gradle\6.5\fileContent)" [_thread_blocked, id=2072, stack(0x000000002bb10000,0x000000002bc10000)]
  0x000000002004e000 JavaThread "Memory manager" [_thread_blocked, id=11908, stack(0x000000002b1f0000,0x000000002b2f0000)]
  0x0000000020052800 JavaThread "Cache worker for Build Output Cleanup Cache (C:\Users\admin\AndroidStudioProjects\MyApplication19\.gradle\buildOutputCleanup)" [_thread_blocked, id=6024, stack(0x0000000029b20000,0x0000000029c20000)]
  0x000000002004b800 JavaThread "jar transforms Thread 92" [_thread_blocked, id=15020, stack(0x0000000029820000,0x0000000029920000)]
  0x000000002004d000 JavaThread "jar transforms Thread 91" [_thread_blocked, id=6808, stack(0x0000000029720000,0x0000000029820000)]
  0x0000000020a4c000 JavaThread "jar transforms Thread 90" [_thread_blocked, id=14876, stack(0x0000000029620000,0x0000000029720000)]
  0x0000000020a4b000 JavaThread "jar transforms Thread 89" [_thread_blocked, id=12592, stack(0x0000000029520000,0x0000000029620000)]
  0x0000000020a43800 JavaThread "jar transforms Thread 88" [_thread_blocked, id=6560, stack(0x0000000029420000,0x0000000029520000)]
  0x0000000020a4a800 JavaThread "jar transforms Thread 87" [_thread_blocked, id=11080, stack(0x0000000029320000,0x0000000029420000)]
  0x0000000020a43000 JavaThread "jar transforms Thread 86" [_thread_blocked, id=15740, stack(0x0000000029220000,0x0000000029320000)]
  0x0000000020a49800 JavaThread "jar transforms Thread 85" [_thread_blocked, id=5960, stack(0x0000000029120000,0x0000000029220000)]
  0x0000000020a42000 JavaThread "jar transforms Thread 84" [_thread_blocked, id=2880, stack(0x0000000029020000,0x0000000029120000)]
  0x0000000020a49000 JavaThread "jar transforms Thread 83" [_thread_blocked, id=5572, stack(0x0000000028f20000,0x0000000029020000)]
  0x0000000020a48000 JavaThread "jar transforms Thread 82" [_thread_blocked, id=14648, stack(0x0000000028e20000,0x0000000028f20000)]
  0x0000000020a45000 JavaThread "jar transforms Thread 81" [_thread_blocked, id=14580, stack(0x0000000028d20000,0x0000000028e20000)]
  0x0000000020a47800 JavaThread "jar transforms Thread 80" [_thread_blocked, id=5636, stack(0x0000000028c20000,0x0000000028d20000)]
  0x0000000020a46800 JavaThread "jar transforms Thread 79" [_thread_blocked, id=9004, stack(0x0000000028b20000,0x0000000028c20000)]
  0x0000000020a41800 JavaThread "jar transforms Thread 78" [_thread_blocked, id=8092, stack(0x0000000028a20000,0x0000000028b20000)]
  0x0000000020a44800 JavaThread "jar transforms Thread 77" [_thread_blocked, id=15252, stack(0x0000000028920000,0x0000000028a20000)]
  0x0000000020a46000 JavaThread "jar transforms Thread 76" [_thread_blocked, id=1788, stack(0x0000000028820000,0x0000000028920000)]
  0x0000000020a3d000 JavaThread "jar transforms Thread 75" [_thread_blocked, id=11520, stack(0x0000000028720000,0x0000000028820000)]
  0x0000000020a3e800 JavaThread "jar transforms Thread 74" [_thread_blocked, id=3876, stack(0x0000000028620000,0x0000000028720000)]
  0x0000000020a3d800 JavaThread "jar transforms Thread 73" [_thread_blocked, id=11608, stack(0x0000000028520000,0x0000000028620000)]
  0x0000000020a40800 JavaThread "jar transforms Thread 72" [_thread_blocked, id=14504, stack(0x0000000028420000,0x0000000028520000)]
  0x0000000020a40000 JavaThread "jar transforms Thread 71" [_thread_blocked, id=11284, stack(0x0000000028320000,0x0000000028420000)]
  0x0000000020a3f000 JavaThread "jar transforms Thread 70" [_thread_blocked, id=10248, stack(0x0000000028220000,0x0000000028320000)]
  0x000000001ddc4800 JavaThread "jar transforms Thread 69" [_thread_blocked, id=8328, stack(0x0000000028120000,0x0000000028220000)]
  0x000000001ddcb800 JavaThread "jar transforms Thread 68" [_thread_blocked, id=11068, stack(0x0000000028020000,0x0000000028120000)]
  0x000000001ddca000 JavaThread "jar transforms Thread 67" [_thread_blocked, id=2652, stack(0x0000000027f20000,0x0000000028020000)]
  0x000000001ddca800 JavaThread "jar transforms Thread 66" [_thread_blocked, id=9040, stack(0x0000000027e20000,0x0000000027f20000)]
  0x000000001ddc9000 JavaThread "jar transforms Thread 65" [_thread_blocked, id=10676, stack(0x0000000027d20000,0x0000000027e20000)]
  0x000000001ddc4000 JavaThread "jar transforms Thread 64" [_thread_blocked, id=12888, stack(0x0000000027c20000,0x0000000027d20000)]
  0x000000001ddc6000 JavaThread "jar transforms Thread 63" [_thread_blocked, id=2448, stack(0x0000000027b20000,0x0000000027c20000)]
  0x000000001ddc8800 JavaThread "jar transforms Thread 62" [_thread_blocked, id=15916, stack(0x0000000027a20000,0x0000000027b20000)]
  0x000000001ddc5800 JavaThread "jar transforms Thread 61" [_thread_blocked, id=5484, stack(0x0000000027920000,0x0000000027a20000)]
  0x000000001ddc7800 JavaThread "jar transforms Thread 60" [_thread_blocked, id=14456, stack(0x0000000027820000,0x0000000027920000)]
  0x000000001ddc7000 JavaThread "jar transforms Thread 59" [_thread_blocked, id=14512, stack(0x0000000027720000,0x0000000027820000)]
  0x000000001ddbc800 JavaThread "jar transforms Thread 58" [_thread_blocked, id=10292, stack(0x0000000027620000,0x0000000027720000)]
  0x000000001ddc3000 JavaThread "jar transforms Thread 57" [_thread_blocked, id=14928, stack(0x0000000027520000,0x0000000027620000)]
  0x000000001ddc2800 JavaThread "jar transforms Thread 56" [_thread_blocked, id=15912, stack(0x0000000027420000,0x0000000027520000)]
  0x000000001ddc0000 JavaThread "jar transforms Thread 55" [_thread_blocked, id=16284, stack(0x0000000027320000,0x0000000027420000)]
  0x000000001ddbd000 JavaThread "jar transforms Thread 54" [_thread_blocked, id=1072, stack(0x0000000027220000,0x0000000027320000)]
  0x000000001ddbf800 JavaThread "jar transforms Thread 53" [_thread_blocked, id=2232, stack(0x0000000027120000,0x0000000027220000)]
  0x000000001ddc1800 JavaThread "jar transforms Thread 52" [_thread_blocked, id=1392, stack(0x0000000027020000,0x0000000027120000)]
  0x000000001ddc1000 JavaThread "jar transforms Thread 51" [_thread_blocked, id=10528, stack(0x0000000026f20000,0x0000000027020000)]
  0x000000001ddbe000 JavaThread "jar transforms Thread 50" [_thread_blocked, id=1924, stack(0x0000000026e20000,0x0000000026f20000)]
  0x000000001ddbe800 JavaThread "jar transforms Thread 49" [_thread_blocked, id=14908, stack(0x0000000026d20000,0x0000000026e20000)]
  0x000000001d7a9800 JavaThread "jar transforms Thread 48" [_thread_blocked, id=9100, stack(0x0000000026c20000,0x0000000026d20000)]
  0x000000001d7a9000 JavaThread "jar transforms Thread 47" [_thread_blocked, id=10804, stack(0x0000000026b20000,0x0000000026c20000)]
  0x000000001d7aa800 JavaThread "jar transforms Thread 46" [_thread_blocked, id=16148, stack(0x0000000026a20000,0x0000000026b20000)]
  0x000000001d7a8000 JavaThread "jar transforms Thread 45" [_thread_blocked, id=15172, stack(0x0000000026920000,0x0000000026a20000)]
  0x000000001d7a7800 JavaThread "jar transforms Thread 44" [_thread_blocked, id=14852, stack(0x0000000026820000,0x0000000026920000)]
  0x000000001d7a5000 JavaThread "jar transforms Thread 43" [_thread_blocked, id=12152, stack(0x0000000026720000,0x0000000026820000)]
  0x000000001d7a0000 JavaThread "jar transforms Thread 42" [_thread_blocked, id=2024, stack(0x0000000026620000,0x0000000026720000)]
  0x000000001d7a4800 JavaThread "jar transforms Thread 41" [_thread_blocked, id=2932, stack(0x0000000026520000,0x0000000026620000)]
  0x000000001d7a6800 JavaThread "jar transforms Thread 40" [_thread_blocked, id=10552, stack(0x0000000026420000,0x0000000026520000)]
  0x000000001d7a6000 JavaThread "jar transforms Thread 39" [_thread_blocked, id=6712, stack(0x0000000026320000,0x0000000026420000)]
  0x000000001d79f000 JavaThread "jar transforms Thread 38" [_thread_blocked, id=14352, stack(0x0000000026220000,0x0000000026320000)]
  0x000000001d79d000 JavaThread "jar transforms Thread 37" [_thread_blocked, id=8996, stack(0x0000000026120000,0x0000000026220000)]
  0x000000001d7a3800 JavaThread "jar transforms Thread 36" [_thread_blocked, id=11588, stack(0x0000000026020000,0x0000000026120000)]
  0x000000001d7a1800 JavaThread "jar transforms Thread 35" [_thread_blocked, id=15840, stack(0x0000000025f20000,0x0000000026020000)]
  0x000000001d79c000 JavaThread "jar transforms Thread 34" [_thread_blocked, id=12340, stack(0x0000000025e20000,0x0000000025f20000)]
  0x000000001d7a3000 JavaThread "jar transforms Thread 33" [_thread_blocked, id=15008, stack(0x0000000025d20000,0x0000000025e20000)]
  0x000000001d79b800 JavaThread "jar transforms Thread 32" [_thread_blocked, id=10780, stack(0x0000000025c20000,0x0000000025d20000)]
  0x000000001d79e800 JavaThread "jar transforms Thread 31" [_thread_blocked, id=6576, stack(0x0000000025b20000,0x0000000025c20000)]
  0x000000001d79d800 JavaThread "jar transforms Thread 30" [_thread_blocked, id=7120, stack(0x0000000025a20000,0x0000000025b20000)]
  0x000000001d7a2000 JavaThread "jar transforms Thread 29" [_thread_blocked, id=2656, stack(0x0000000025920000,0x0000000025a20000)]
  0x000000001d7a0800 JavaThread "jar transforms Thread 28" [_thread_blocked, id=9236, stack(0x0000000025820000,0x0000000025920000)]
  0x0000000021053800 JavaThread "jar transforms Thread 27" [_thread_blocked, id=6680, stack(0x0000000025720000,0x0000000025820000)]
  0x0000000021052800 JavaThread "jar transforms Thread 26" [_thread_blocked, id=14128, stack(0x0000000025620000,0x0000000025720000)]
  0x0000000021056800 JavaThread "jar transforms Thread 25" [_thread_blocked, id=9188, stack(0x0000000025520000,0x0000000025620000)]
  0x0000000021054000 JavaThread "jar transforms Thread 24" [_thread_blocked, id=14900, stack(0x0000000025420000,0x0000000025520000)]
  0x0000000021056000 JavaThread "jar transforms Thread 23" [_thread_blocked, id=16088, stack(0x0000000025320000,0x0000000025420000)]
  0x0000000021051000 JavaThread "jar transforms Thread 22" [_thread_blocked, id=9056, stack(0x0000000025220000,0x0000000025320000)]
  0x0000000021057800 JavaThread "jar transforms Thread 21" [_thread_blocked, id=12936, stack(0x0000000025120000,0x0000000025220000)]
  0x0000000021055000 JavaThread "jar transforms Thread 20" [_thread_blocked, id=10688, stack(0x0000000025020000,0x0000000025120000)]
  0x0000000021050800 JavaThread "jar transforms Thread 19" [_thread_blocked, id=14996, stack(0x0000000024f20000,0x0000000025020000)]
  0x0000000021052000 JavaThread "jar transforms Thread 18" [_thread_blocked, id=15712, stack(0x0000000024e20000,0x0000000024f20000)]
  0x0000000020ce2000 JavaThread "jar transforms Thread 17" [_thread_blocked, id=8776, stack(0x0000000024d20000,0x0000000024e20000)]
  0x0000000020ce0800 JavaThread "jar transforms Thread 16" [_thread_blocked, id=14520, stack(0x0000000024c20000,0x0000000024d20000)]
  0x0000000020cdf000 JavaThread "jar transforms Thread 15" [_thread_blocked, id=14564, stack(0x0000000024b20000,0x0000000024c20000)]
  0x0000000020ce3800 JavaThread "jar transforms Thread 14" [_thread_blocked, id=15000, stack(0x0000000024a20000,0x0000000024b20000)]
  0x0000000020ce1800 JavaThread "jar transforms Thread 13" [_thread_blocked, id=9124, stack(0x0000000024920000,0x0000000024a20000)]
  0x0000000020cde800 JavaThread "jar transforms Thread 12" [_thread_blocked, id=2936, stack(0x0000000024820000,0x0000000024920000)]
  0x0000000020ce3000 JavaThread "jar transforms Thread 11" [_thread_blocked, id=5264, stack(0x00000000231d0000,0x00000000232d0000)]
  0x0000000020ce4800 JavaThread "jar transforms Thread 10" [_thread_blocked, id=3500, stack(0x0000000024720000,0x0000000024820000)]
  0x0000000020ce0000 JavaThread "jar transforms Thread 9" [_thread_blocked, id=15584, stack(0x0000000024620000,0x0000000024720000)]
  0x0000000020cdd800 JavaThread "jar transforms Thread 8" [_thread_blocked, id=8176, stack(0x0000000024520000,0x0000000024620000)]
  0x000000002083c800 JavaThread "jar transforms Thread 7" [_thread_blocked, id=16024, stack(0x0000000024420000,0x0000000024520000)]
  0x000000002083b800 JavaThread "jar transforms Thread 6" [_thread_blocked, id=14944, stack(0x0000000024320000,0x0000000024420000)]
  0x000000002083b000 JavaThread "jar transforms Thread 5" [_thread_blocked, id=9616, stack(0x0000000024220000,0x0000000024320000)]
  0x000000002083a000 JavaThread "jar transforms Thread 4" [_thread_blocked, id=7716, stack(0x0000000024120000,0x0000000024220000)]
  0x0000000020839800 JavaThread "jar transforms Thread 3" [_thread_blocked, id=15216, stack(0x0000000024020000,0x0000000024120000)]
  0x0000000020832800 JavaThread "jar transforms Thread 2" [_thread_blocked, id=8756, stack(0x0000000023f20000,0x0000000024020000)]
  0x0000000020838800 JavaThread "Build operations Thread 12" [_thread_blocked, id=12912, stack(0x0000000023e20000,0x0000000023f20000)]
  0x0000000020838000 JavaThread "Build operations Thread 11" [_thread_blocked, id=11088, stack(0x0000000023d20000,0x0000000023e20000)]
  0x0000000020832000 JavaThread "Build operations Thread 10" [_thread_blocked, id=12832, stack(0x0000000023c20000,0x0000000023d20000)]
  0x0000000020830800 JavaThread "Build operations Thread 9" [_thread_blocked, id=8656, stack(0x0000000023b20000,0x0000000023c20000)]
  0x0000000020837000 JavaThread "Build operations Thread 8" [_thread_blocked, id=16112, stack(0x0000000023a20000,0x0000000023b20000)]
  0x0000000020836800 JavaThread "Build operations Thread 7" [_thread_blocked, id=8896, stack(0x0000000023920000,0x0000000023a20000)]
  0x0000000020834000 JavaThread "Build operations Thread 6" [_thread_blocked, id=14880, stack(0x0000000023820000,0x0000000023920000)]
  0x0000000020835800 JavaThread "Build operations Thread 5" [_thread_blocked, id=11536, stack(0x0000000023720000,0x0000000023820000)]
  0x000000002082f800 JavaThread "Build operations Thread 4" [_thread_blocked, id=6376, stack(0x0000000023620000,0x0000000023720000)]
  0x000000002082f000 JavaThread "Build operations Thread 3" [_thread_blocked, id=3424, stack(0x0000000023520000,0x0000000023620000)]
  0x000000002082e000 JavaThread "Build operations Thread 2" [_thread_blocked, id=15824, stack(0x0000000023420000,0x0000000023520000)]
  0x0000000020835000 JavaThread "Build operations" [_thread_blocked, id=10132, stack(0x0000000023320000,0x0000000023420000)]
  0x000000001d3b3800 JavaThread "Cache worker for file content cache (C:\Users\admin\.gradle\caches\6.5\fileContent)" [_thread_blocked, id=5476, stack(0x0000000022ad0000,0x0000000022bd0000)]
  0x000000001d3b0800 JavaThread "jar transforms" [_thread_blocked, id=12032, stack(0x00000000229d0000,0x0000000022ad0000)]
  0x000000001d3b6800 JavaThread "Cache worker for execution history cache (C:\Users\admin\.gradle\caches\6.5\executionHistory)" [_thread_blocked, id=6908, stack(0x00000000222d0000,0x00000000223d0000)]
  0x000000001d3b5000 JavaThread "Cache worker for cache directory md-rule (C:\Users\admin\.gradle\caches\6.5\md-rule)" [_thread_blocked, id=10204, stack(0x00000000221d0000,0x00000000222d0000)]
  0x000000001d3b3000 JavaThread "Cache worker for cache directory md-supplier (C:\Users\admin\.gradle\caches\6.5\md-supplier)" [_thread_blocked, id=11116, stack(0x00000000220d0000,0x00000000221d0000)]
  0x000000001d3b6000 JavaThread "Cache worker for checksums cache (C:\Users\admin\AndroidStudioProjects\MyApplication19\.gradle\checksums)" [_thread_blocked, id=12600, stack(0x0000000021c70000,0x0000000021d70000)]
  0x000000001d3b0000 JavaThread "Cache worker for file hash cache (C:\Users\admin\AndroidStudioProjects\MyApplication19\.gradle\6.5\fileHashes)" [_thread_blocked, id=15876, stack(0x0000000021dd0000,0x0000000021ed0000)]
  0x000000001d3b2000 JavaThread "Cache worker for file hash cache (C:\Users\admin\.gradle\caches\6.5\fileHashes)" [_thread_blocked, id=3620, stack(0x000000001f7d0000,0x000000001f8d0000)]
  0x000000001d3b1800 JavaThread "File lock request listener" [_thread_in_native, id=3476, stack(0x000000001f6d0000,0x000000001f7d0000)]
  0x000000001d37f000 JavaThread "Cache worker for journal cache (C:\Users\admin\.gradle\caches\journal-1)" [_thread_blocked, id=8052, stack(0x000000001f5d0000,0x000000001f6d0000)]
  0x000000001d2a9000 JavaThread "Thread-9" [_thread_blocked, id=9296, stack(0x000000001f2d0000,0x000000001f3d0000)]
  0x000000001d2a7800 JavaThread "Stdin handler" [_thread_blocked, id=11028, stack(0x000000001f1d0000,0x000000001f2d0000)]
  0x000000001d2a6800 JavaThread "Asynchronous log dispatcher for DefaultDaemonConnection: socket connection from /127.0.0.1:64832 to /127.0.0.1:64833" [_thread_blocked, id=7956, stack(0x000000001f0d0000,0x000000001f1d0000)]
  0x000000001d361800 JavaThread "Daemon worker" [_thread_in_Java, id=2248, stack(0x000000001efd0000,0x000000001f0d0000)]
  0x000000001d360800 JavaThread "Cancel handler" [_thread_blocked, id=15332, stack(0x000000001eed0000,0x000000001efd0000)]
  0x000000001ce6d800 JavaThread "Handler for socket connection from /127.0.0.1:64832 to /127.0.0.1:64833" [_thread_in_native, id=5900, stack(0x000000001edd0000,0x000000001eed0000)]
  0x000000001d272800 JavaThread "Daemon" [_thread_blocked, id=5908, stack(0x000000001ebd0000,0x000000001ecd0000)]
  0x000000001d263000 JavaThread "Daemon periodic checks" [_thread_blocked, id=9212, stack(0x000000001e8d0000,0x000000001e9d0000)]
  0x000000001d1f3800 JavaThread "Incoming local TCP Connector on port 64832" [_thread_in_native, id=14700, stack(0x000000001e680000,0x000000001e780000)]
  0x000000001d1bd800 JavaThread "Daemon health stats" [_thread_blocked, id=9224, stack(0x000000001e040000,0x000000001e140000)]
  0x0000000019adc000 JavaThread "Service Thread" daemon [_thread_blocked, id=8928, stack(0x000000001b4a0000,0x000000001b5a0000)]
  0x0000000019a59000 JavaThread "C1 CompilerThread3" daemon [_thread_blocked, id=14124, stack(0x000000001b3a0000,0x000000001b4a0000)]
=>0x0000000019a58000 JavaThread "C2 CompilerThread2" daemon [_thread_in_native, id=13216, stack(0x000000001b2a0000,0x000000001b3a0000)]
  0x000000001835d800 JavaThread "C2 CompilerThread1" daemon [_thread_in_native, id=8024, stack(0x000000001b1a0000,0x000000001b2a0000)]
  0x0000000019a50800 JavaThread "C2 CompilerThread0" daemon [_thread_in_native, id=15628, stack(0x000000001b0a0000,0x000000001b1a0000)]
  0x0000000019a4d000 JavaThread "Attach Listener" daemon [_thread_blocked, id=3872, stack(0x000000001afa0000,0x000000001b0a0000)]
  0x0000000019a4c000 JavaThread "Signal Dispatcher" daemon [_thread_blocked, id=14732, stack(0x000000001aea0000,0x000000001afa0000)]
  0x0000000018355800 JavaThread "Finalizer" daemon [_thread_blocked, id=3368, stack(0x000000001ac90000,0x000000001ad90000)]
  0x0000000019a33000 JavaThread "Reference Handler" daemon [_thread_blocked, id=1600, stack(0x000000001ab90000,0x000000001ac90000)]
  0x0000000002fe2800 JavaThread "main" [_thread_blocked, id=10036, stack(0x0000000002e80000,0x0000000002f80000)]

Other Threads:
  0x0000000018345800 VMThread [stack: 0x000000001aa90000,0x000000001ab90000] [id=9324]
  0x0000000019ade000 WatcherThread [stack: 0x000000001b5a0000,0x000000001b6a0000] [id=1444]

VM state:not at safepoint (normal execution)

VM Mutex/Monitor currently owned by a thread: None

heap address: 0x0000000080000000, size: 2048 MB, Compressed Oops mode: 32-bit
Narrow klass base: 0x0000000000000000, Narrow klass shift: 3
Compressed class space size: 1073741824 Address: 0x0000000100000000

Heap:
 PSYoungGen      total 342528K, used 47515K [0x00000000d5580000, 0x00000000ec100000, 0x0000000100000000)
  eden space 324096K, 14% used [0x00000000d5580000,0x00000000d83e6f10,0x00000000e9200000)
  from space 18432K, 0% used [0x00000000eaa00000,0x00000000eaa00000,0x00000000ebc00000)
  to   space 24064K, 0% used [0x00000000e9200000,0x00000000e9200000,0x00000000ea980000)
 ParOldGen       total 216064K, used 37026K [0x0000000080000000, 0x000000008d300000, 0x00000000d5580000)
  object space 216064K, 17% used [0x0000000080000000,0x0000000082428ba8,0x000000008d300000)
 Metaspace       used 59453K, capacity 61851K, committed 62232K, reserved 1103872K
  class space    used 8219K, capacity 8703K, committed 8752K, reserved 1048576K

Card table byte_map: [0x00000000124a0000,0x00000000128b0000] byte_map_base: 0x00000000120a0000

Marking Bits: (ParMarkBitMap*) 0x000000005336f030
 Begin Bits: [0x0000000013560000, 0x0000000015560000)
 End Bits:   [0x0000000015560000, 0x0000000017560000)

Polling page: 0x0000000002dd0000

CodeCache: size=245760Kb used=18497Kb max_used=18497Kb free=227262Kb
 bounds [0x00000000030e0000, 0x0000000004300000, 0x00000000120e0000]
 total_blobs=6119 nmethods=5342 adapters=689
 compilation: enabled

Compilation events (10 events):
Event: 4.019 Thread 0x0000000019a59000 nmethod 5343 0x00000000042ee550 code [0x00000000042ee820, 0x00000000042efd08]
Event: 4.020 Thread 0x0000000019a59000 5344       1       com.android.build.api.component.impl.ComponentPropertiesImpl::getTaskContainer (5 bytes)
Event: 4.020 Thread 0x0000000019a59000 nmethod 5344 0x00000000042e8b50 code [0x00000000042e8ca0, 0x00000000042e8db0]
Event: 4.020 Thread 0x0000000019a59000 5345       3       org.gradle.api.internal.provider.DefaultPropertyFactory::property (13 bytes)
Event: 4.020 Thread 0x0000000019a59000 nmethod 5345 0x00000000042eb510 code [0x00000000042eb720, 0x00000000042ec288]
Event: 4.023 Thread 0x0000000019a59000 5346       2       org.gradle.internal.service.DefaultServiceRegistry$OwnServices::getService (309 bytes)
Event: 4.024 Thread 0x0000000019a59000 nmethod 5346 0x00000000042f05d0 code [0x00000000042f0960, 0x00000000042f1a28]
Event: 4.024 Thread 0x0000000019a59000 5347       3       org.gradle.cache.internal.DefaultCrossBuildInMemoryCacheFactory$DefaultCrossBuildInMemoryCache::retainValue (20 bytes)
Event: 4.024 Thread 0x0000000019a59000 nmethod 5347 0x00000000042eacd0 code [0x00000000042eae60, 0x00000000042eb2c8]
Event: 4.024 Thread 0x0000000019a59000 5348       3       org.gradle.api.internal.model.DefaultObjectFactory::property (172 bytes)

GC Heap History (10 events):
Event: 2.139 GC heap before
{Heap before GC invocations=7 (full 1):
 PSYoungGen      total 141824K, used 42346K [0x00000000d5580000, 0x00000000e4a00000, 0x0000000100000000)
  eden space 131072K, 24% used [0x00000000d5580000,0x00000000d745cb40,0x00000000dd580000)
  from space 10752K, 99% used [0x00000000dd580000,0x00000000ddffdf80,0x00000000de000000)
  to   space 15872K, 0% used [0x00000000e3a80000,0x00000000e3a80000,0x00000000e4a00000)
 ParOldGen       total 93184K, used 10328K [0x0000000080000000, 0x0000000085b00000, 0x00000000d5580000)
  object space 93184K, 11% used [0x0000000080000000,0x0000000080a16008,0x0000000085b00000)
 Metaspace       used 34359K, capacity 35432K, committed 35496K, reserved 1079296K
  class space    used 4736K, capacity 5007K, committed 5040K, reserved 1048576K
Event: 2.143 GC heap after
Heap after GC invocations=7 (full 1):
 PSYoungGen      total 235008K, used 8362K [0x00000000d5580000, 0x00000000e4a00000, 0x0000000100000000)
  eden space 219136K, 0% used [0x00000000d5580000,0x00000000d5580000,0x00000000e2b80000)
  from space 15872K, 52% used [0x00000000e3a80000,0x00000000e42aabb8,0x00000000e4a00000)
  to   space 15360K, 0% used [0x00000000e2b80000,0x00000000e2b80000,0x00000000e3a80000)
 ParOldGen       total 93184K, used 10336K [0x0000000080000000, 0x0000000085b00000, 0x00000000d5580000)
  object space 93184K, 11% used [0x0000000080000000,0x0000000080a18008,0x0000000085b00000)
 Metaspace       used 34359K, capacity 35432K, committed 35496K, reserved 1079296K
  class space    used 4736K, capacity 5007K, committed 5040K, reserved 1048576K
}
Event: 2.143 GC heap before
{Heap before GC invocations=8 (full 2):
 PSYoungGen      total 235008K, used 8362K [0x00000000d5580000, 0x00000000e4a00000, 0x0000000100000000)
  eden space 219136K, 0% used [0x00000000d5580000,0x00000000d5580000,0x00000000e2b80000)
  from space 15872K, 52% used [0x00000000e3a80000,0x00000000e42aabb8,0x00000000e4a00000)
  to   space 15360K, 0% used [0x00000000e2b80000,0x00000000e2b80000,0x00000000e3a80000)
 ParOldGen       total 93184K, used 10336K [0x0000000080000000, 0x0000000085b00000, 0x00000000d5580000)
  object space 93184K, 11% used [0x0000000080000000,0x0000000080a18008,0x0000000085b00000)
 Metaspace       used 34359K, capacity 35432K, committed 35496K, reserved 1079296K
  class space    used 4736K, capacity 5007K, committed 5040K, reserved 1048576K
Event: 2.169 GC heap after
Heap after GC invocations=8 (full 2):
 PSYoungGen      total 235008K, used 0K [0x00000000d5580000, 0x00000000e4a00000, 0x0000000100000000)
  eden space 219136K, 0% used [0x00000000d5580000,0x00000000d5580000,0x00000000e2b80000)
  from space 15872K, 0% used [0x00000000e3a80000,0x00000000e3a80000,0x00000000e4a00000)
  to   space 15360K, 0% used [0x00000000e2b80000,0x00000000e2b80000,0x00000000e3a80000)
 ParOldGen       total 141824K, used 14724K [0x0000000080000000, 0x0000000088a80000, 0x00000000d5580000)
  object space 141824K, 10% used [0x0000000080000000,0x0000000080e61098,0x0000000088a80000)
 Metaspace       used 34359K, capacity 35432K, committed 35496K, reserved 1079296K
  class space    used 4736K, capacity 5007K, committed 5040K, reserved 1048576K
}
Event: 2.896 GC heap before
{Heap before GC invocations=9 (full 2):
 PSYoungGen      total 235008K, used 219136K [0x00000000d5580000, 0x00000000e4a00000, 0x0000000100000000)
  eden space 219136K, 100% used [0x00000000d5580000,0x00000000e2b80000,0x00000000e2b80000)
  from space 15872K, 0% used [0x00000000e3a80000,0x00000000e3a80000,0x00000000e4a00000)
  to   space 15360K, 0% used [0x00000000e2b80000,0x00000000e2b80000,0x00000000e3a80000)
 ParOldGen       total 141824K, used 14724K [0x0000000080000000, 0x0000000088a80000, 0x00000000d5580000)
  object space 141824K, 10% used [0x0000000080000000,0x0000000080e61098,0x0000000088a80000)
 Metaspace       used 45436K, capacity 47296K, committed 47528K, reserved 1089536K
  class space    used 6160K, capacity 6518K, committed 6576K, reserved 1048576K
Event: 2.905 GC heap after
Heap after GC invocations=9 (full 2):
 PSYoungGen      total 234496K, used 15340K [0x00000000d5580000, 0x00000000ebc00000, 0x0000000100000000)
  eden space 219136K, 0% used [0x00000000d5580000,0x00000000d5580000,0x00000000e2b80000)
  from space 15360K, 99% used [0x00000000e2b80000,0x00000000e3a7b278,0x00000000e3a80000)
  to   space 18432K, 0% used [0x00000000eaa00000,0x00000000eaa00000,0x00000000ebc00000)
 ParOldGen       total 141824K, used 16390K [0x0000000080000000, 0x0000000088a80000, 0x00000000d5580000)
  object space 141824K, 11% used [0x0000000080000000,0x0000000081001958,0x0000000088a80000)
 Metaspace       used 45436K, capacity 47296K, committed 47528K, reserved 1089536K
  class space    used 6160K, capacity 6518K, committed 6576K, reserved 1048576K
}
Event: 3.683 GC heap before
{Heap before GC invocations=10 (full 2):
 PSYoungGen      total 234496K, used 157484K [0x00000000d5580000, 0x00000000ebc00000, 0x0000000100000000)
  eden space 219136K, 64% used [0x00000000d5580000,0x00000000de050050,0x00000000e2b80000)
  from space 15360K, 99% used [0x00000000e2b80000,0x00000000e3a7b278,0x00000000e3a80000)
  to   space 18432K, 0% used [0x00000000eaa00000,0x00000000eaa00000,0x00000000ebc00000)
 ParOldGen       total 141824K, used 16390K [0x0000000080000000, 0x0000000088a80000, 0x00000000d5580000)
  object space 141824K, 11% used [0x0000000080000000,0x0000000081001958,0x0000000088a80000)
 Metaspace       used 56547K, capacity 58991K, committed 59160K, reserved 1099776K
  class space    used 7753K, capacity 8240K, committed 8240K, reserved 1048576K
Event: 3.693 GC heap after
Heap after GC invocations=10 (full 2):
 PSYoungGen      total 342528K, used 18402K [0x00000000d5580000, 0x00000000ec100000, 0x0000000100000000)
  eden space 324096K, 0% used [0x00000000d5580000,0x00000000d5580000,0x00000000e9200000)
  from space 18432K, 99% used [0x00000000eaa00000,0x00000000ebbf8800,0x00000000ebc00000)
  to   space 24064K, 0% used [0x00000000e9200000,0x00000000e9200000,0x00000000ea980000)
 ParOldGen       total 141824K, used 23522K [0x0000000080000000, 0x0000000088a80000, 0x00000000d5580000)
  object space 141824K, 16% used [0x0000000080000000,0x00000000816f8940,0x0000000088a80000)
 Metaspace       used 56547K, capacity 58991K, committed 59160K, reserved 1099776K
  class space    used 7753K, capacity 8240K, committed 8240K, reserved 1048576K
}
Event: 3.693 GC heap before
{Heap before GC invocations=11 (full 3):
 PSYoungGen      total 342528K, used 18402K [0x00000000d5580000, 0x00000000ec100000, 0x0000000100000000)
  eden space 324096K, 0% used [0x00000000d5580000,0x00000000d5580000,0x00000000e9200000)
  from space 18432K, 99% used [0x00000000eaa00000,0x00000000ebbf8800,0x00000000ebc00000)
  to   space 24064K, 0% used [0x00000000e9200000,0x00000000e9200000,0x00000000ea980000)
 ParOldGen       total 141824K, used 23522K [0x0000000080000000, 0x0000000088a80000, 0x00000000d5580000)
  object space 141824K, 16% used [0x0000000080000000,0x00000000816f8940,0x0000000088a80000)
 Metaspace       used 56547K, capacity 58991K, committed 59160K, reserved 1099776K
  class space    used 7753K, capacity 8240K, committed 8240K, reserved 1048576K
Event: 3.826 GC heap after
Heap after GC invocations=11 (full 3):
 PSYoungGen      total 342528K, used 0K [0x00000000d5580000, 0x00000000ec100000, 0x0000000100000000)
  eden space 324096K, 0% used [0x00000000d5580000,0x00000000d5580000,0x00000000e9200000)
  from space 18432K, 0% used [0x00000000eaa00000,0x00000000eaa00000,0x00000000ebc00000)
  to   space 24064K, 0% used [0x00000000e9200000,0x00000000e9200000,0x00000000ea980000)
 ParOldGen       total 216064K, used 37026K [0x0000000080000000, 0x000000008d300000, 0x00000000d5580000)
  object space 216064K, 17% used [0x0000000080000000,0x0000000082428ba8,0x000000008d300000)
 Metaspace       used 56469K, capacity 58727K, committed 59160K, reserved 1099776K
  class space    used 7729K, capacity 8196K, committed 8240K, reserved 1048576K
}

Deoptimization events (10 events):
Event: 3.618 Thread 0x000000001d361800 Uncommon trap: reason=unstable_if action=reinterpret pc=0x0000000003b86800 method=java.io.WinNTFileSystem.normalize(Ljava/lang/String;)Ljava/lang/String; @ 74
Event: 3.618 Thread 0x000000001d361800 Uncommon trap: reason=unstable_if action=reinterpret pc=0x00000000036e4354 method=java.io.WinNTFileSystem.normalize(Ljava/lang/String;II)Ljava/lang/String; @ 103
Event: 3.844 Thread 0x000000001d361800 Uncommon trap: reason=bimorphic action=maybe_recompile pc=0x0000000003fbba14 method=java.util.regex.Pattern$5.isSatisfiedBy(I)Z @ 16
Event: 3.844 Thread 0x000000001d361800 Uncommon trap: reason=bimorphic action=maybe_recompile pc=0x0000000003fbba14 method=java.util.regex.Pattern$5.isSatisfiedBy(I)Z @ 16
Event: 3.844 Thread 0x000000001d361800 Uncommon trap: reason=bimorphic action=maybe_recompile pc=0x0000000003fbba14 method=java.util.regex.Pattern$5.isSatisfiedBy(I)Z @ 16
Event: 3.844 Thread 0x000000001d361800 Uncommon trap: reason=bimorphic action=maybe_recompile pc=0x0000000003fbba14 method=java.util.regex.Pattern$5.isSatisfiedBy(I)Z @ 16
Event: 3.961 Thread 0x000000001d361800 Uncommon trap: reason=unstable_if action=reinterpret pc=0x00000000036eef68 method=java.util.regex.Pattern$BmpCharProperty.match(Ljava/util/regex/Matcher;ILjava/lang/CharSequence;)Z @ 34
Event: 3.965 Thread 0x000000001d361800 Uncommon trap: reason=unstable_if action=reinterpret pc=0x0000000003ffe708 method=com.sun.org.apache.xerces.internal.impl.XMLEntityScanner.scanLiteral(ILcom/sun/org/apache/xerces/internal/xni/XMLString;Z)I @ 660
Event: 3.986 Thread 0x000000001d361800 Uncommon trap: reason=unstable_if action=reinterpret pc=0x0000000003f8196c method=com.google.gson.stream.JsonReader.doPeek()I @ 315
Event: 4.020 Thread 0x000000001d361800 Uncommon trap: reason=unstable_if action=reinterpret pc=0x00000000034ba620 method=java.lang.String.lastIndexOf([CII[CIII)I @ 118

Classes redefined (0 events):
No events

Internal exceptions (10 events):
Event: 3.857 Thread 0x000000001d361800 Exception <a 'java/lang/ClassNotFoundException': com/sun/org/glassfish/hk2/osgiresourcelocator/ServiceLoader> (0x00000000d5b6ea90) thrown at [C:\src\AOSP-openjdk-git\hotspot\src\share\vm\classfile\systemDictionary.cpp, line 210]
Event: 3.877 Thread 0x000000001d361800 Exception <a 'java/lang/NullPointerException'> (0x00000000d5fea808) thrown at [C:\src\AOSP-openjdk-git\hotspot\src\share\vm\interpreter\linkResolver.cpp, line 1287]
Event: 3.994 Thread 0x000000001d361800 Exception <a 'java/lang/ClassNotFoundException': org/gradle/api/internal/file/collections/DefaultConfigurableFileTreeBeanInfo> (0x00000000d7b846e0) thrown at [C:\src\AOSP-openjdk-git\hotspot\src\share\vm\classfile\systemDictionary.cpp, line 210]
Event: 3.994 Thread 0x000000001d361800 Exception <a 'java/lang/ClassNotFoundException': org/gradle/api/internal/file/CompositeFileTreeBeanInfo> (0x00000000d7b9dbd0) thrown at [C:\src\AOSP-openjdk-git\hotspot\src\share\vm\classfile\systemDictionary.cpp, line 210]
Event: 3.994 Thread 0x000000001d361800 Exception <a 'java/lang/ClassNotFoundException': org/gradle/api/internal/file/CompositeFileCollectionBeanInfo> (0x00000000d7bb8e80) thrown at [C:\src\AOSP-openjdk-git\hotspot\src\share\vm\classfile\systemDictionary.cpp, line 210]
Event: 3.994 Thread 0x000000001d361800 Exception <a 'java/lang/ClassNotFoundException': org/gradle/api/internal/file/AbstractFileCollectionBeanInfo> (0x00000000d7bd4130) thrown at [C:\src\AOSP-openjdk-git\hotspot\src\share\vm\classfile\systemDictionary.cpp, line 210]
Event: 3.994 Thread 0x000000001d361800 Exception <a 'java/lang/ClassNotFoundException': org/gradle/api/internal/file/AbstractFileCollectionCustomizer> (0x00000000d7bef9e0) thrown at [C:\src\AOSP-openjdk-git\hotspot\src\share\vm\classfile\systemDictionary.cpp, line 210]
Event: 3.995 Thread 0x000000001d361800 Exception <a 'java/lang/ClassNotFoundException': org/gradle/api/internal/file/CompositeFileCollectionCustomizer> (0x00000000d7c1c728) thrown at [C:\src\AOSP-openjdk-git\hotspot\src\share\vm\classfile\systemDictionary.cpp, line 210]
Event: 3.995 Thread 0x000000001d361800 Exception <a 'java/lang/ClassNotFoundException': org/gradle/api/internal/file/CompositeFileTreeCustomizer> (0x00000000d7c42948) thrown at [C:\src\AOSP-openjdk-git\hotspot\src\share\vm\classfile\systemDictionary.cpp, line 210]
Event: 3.995 Thread 0x000000001d361800 Exception <a 'java/lang/ClassNotFoundException': org/gradle/api/internal/file/collections/DefaultConfigurableFileTreeCustomizer> (0x00000000d7c6f4d0) thrown at [C:\src\AOSP-openjdk-git\hotspot\src\share\vm\classfile\systemDictionary.cpp, line 210]

Events (10 events):
Event: 4.020 Thread 0x000000001d361800 DEOPT PACKING pc=0x00000000034ba620 sp=0x000000001f0caf20
Event: 4.020 Thread 0x000000001d361800 DEOPT UNPACKING pc=0x000000000312557b sp=0x000000001f0cae78 mode 2
Event: 4.020 loading class com/android/build/gradle/internal/packaging/JarCreatorType
Event: 4.020 loading class com/android/build/gradle/internal/packaging/JarCreatorType done
Event: 4.023 loading class com/android/build/gradle/internal/tasks/featuresplit/FeatureSetMetadata
Event: 4.023 loading class com/android/build/gradle/internal/tasks/featuresplit/FeatureSetMetadata done
Event: 4.024 loading class com/android/build/gradle/internal/AndroidJarInput
Event: 4.024 loading class com/android/build/gradle/internal/AndroidJarInput done
Event: 4.025 loading class com/android/build/gradle/internal/scope/SplitList
Event: 4.025 loading class com/android/build/gradle/internal/scope/SplitList done


Dynamic libraries:
0x00007ff701ce0000 - 0x00007ff701d11000 	C:\Program Files\Android\Android Studio\jre\bin\java.exe
0x00007ffbd4030000 - 0x00007ffbd4225000 	C:\Windows\SYSTEM32\ntdll.dll
0x00007ffbd2a70000 - 0x00007ffbd2b2d000 	C:\Windows\System32\KERNEL32.DLL
0x00007ffbd1dd0000 - 0x00007ffbd2099000 	C:\Windows\System32\KERNELBASE.dll
0x00007ffbd26a0000 - 0x00007ffbd274c000 	C:\Windows\System32\ADVAPI32.dll
0x00007ffbd2c90000 - 0x00007ffbd2d2e000 	C:\Windows\System32\msvcrt.dll
0x00007ffbd29d0000 - 0x00007ffbd2a6b000 	C:\Windows\System32\sechost.dll
0x00007ffbd2890000 - 0x00007ffbd29ba000 	C:\Windows\System32\RPCRT4.dll
0x00007ffbd3d70000 - 0x00007ffbd3f10000 	C:\Windows\System32\USER32.dll
0x00007ffbd19b0000 - 0x00007ffbd19d2000 	C:\Windows\System32\win32u.dll
0x00007ffbd3c90000 - 0x00007ffbd3cba000 	C:\Windows\System32\GDI32.dll
0x00007ffbd1a10000 - 0x00007ffbd1b1b000 	C:\Windows\System32\gdi32full.dll
0x00007ffbd1d30000 - 0x00007ffbd1dcd000 	C:\Windows\System32\msvcp_win.dll
0x00007ffbd1770000 - 0x00007ffbd1870000 	C:\Windows\System32\ucrtbase.dll
0x00007ffbc33b0000 - 0x00007ffbc364a000 	C:\Windows\WinSxS\amd64_microsoft.windows.common-controls_6595b64144ccf1df_6.0.19041.1110_none_60b5254171f9507e\COMCTL32.dll
0x00007ffbd2670000 - 0x00007ffbd26a0000 	C:\Windows\System32\IMM32.DLL
0x0000000053c80000 - 0x0000000053d52000 	C:\Program Files\Android\Android Studio\jre\jre\bin\msvcr100.dll
0x0000000052ba0000 - 0x00000000533eb000 	C:\Program Files\Android\Android Studio\jre\jre\bin\server\jvm.dll
0x00007ffbd29c0000 - 0x00007ffbd29c8000 	C:\Windows\System32\PSAPI.DLL
0x00007ffbc2fa0000 - 0x00007ffbc2fc7000 	C:\Windows\SYSTEM32\WINMM.dll
0x00007ffbcc9c0000 - 0x00007ffbcc9c9000 	C:\Windows\SYSTEM32\WSOCK32.dll
0x00007ffbcbcc0000 - 0x00007ffbcbcca000 	C:\Windows\SYSTEM32\VERSION.dll
0x00007ffbd3bb0000 - 0x00007ffbd3c1b000 	C:\Windows\System32\WS2_32.dll
0x00007ffbbe8b0000 - 0x00007ffbbe8bf000 	C:\Program Files\Android\Android Studio\jre\jre\bin\verify.dll
0x00007ffb90c50000 - 0x00007ffb90c79000 	C:\Program Files\Android\Android Studio\jre\jre\bin\java.dll
0x00007ffbade30000 - 0x00007ffbade46000 	C:\Program Files\Android\Android Studio\jre\jre\bin\zip.dll
0x00007ffbd3470000 - 0x00007ffbd3baf000 	C:\Windows\System32\SHELL32.dll
0x00007ffbcf470000 - 0x00007ffbcfc01000 	C:\Windows\SYSTEM32\windows.storage.dll
0x00007ffbd2310000 - 0x00007ffbd2665000 	C:\Windows\System32\combase.dll
0x00007ffbd11e0000 - 0x00007ffbd120c000 	C:\Windows\SYSTEM32\Wldp.dll
0x00007ffbd20a0000 - 0x00007ffbd214e000 	C:\Windows\System32\SHCORE.dll
0x00007ffbd3f30000 - 0x00007ffbd3f85000 	C:\Windows\System32\shlwapi.dll
0x00007ffbd16b0000 - 0x00007ffbd16cf000 	C:\Windows\SYSTEM32\profapi.dll
0x00007ffba5e80000 - 0x00007ffba5e9a000 	C:\Program Files\Android\Android Studio\jre\jre\bin\net.dll
0x00007ffbd0f40000 - 0x00007ffbd0faa000 	C:\Windows\system32\mswsock.dll
0x00007ffb9b910000 - 0x00007ffb9b923000 	C:\Program Files\Android\Android Studio\jre\jre\bin\nio.dll
0x00007ffbb59a0000 - 0x00007ffbb59c7000 	C:\Users\admin\.gradle\native\f6784746aeab05261644944871eae4fe03e0ef1612fff0a4a95f87b438bc6780\windows-amd64\native-platform.dll
0x00007ffbbe860000 - 0x00007ffbbe86d000 	C:\Program Files\Android\Android Studio\jre\jre\bin\management.dll
0x00007ffbd1120000 - 0x00007ffbd1138000 	C:\Windows\SYSTEM32\CRYPTSP.dll
0x00007ffbd0870000 - 0x00007ffbd08a4000 	C:\Windows\system32\rsaenh.dll
0x00007ffbd19e0000 - 0x00007ffbd1a07000 	C:\Windows\System32\bcrypt.dll
0x00007ffbd1630000 - 0x00007ffbd165e000 	C:\Windows\SYSTEM32\USERENV.dll
0x00007ffbd1920000 - 0x00007ffbd19a3000 	C:\Windows\System32\bcryptprimitives.dll
0x00007ffbd1140000 - 0x00007ffbd114c000 	C:\Windows\SYSTEM32\CRYPTBASE.dll
0x00007ffbd0be0000 - 0x00007ffbd0c1b000 	C:\Windows\SYSTEM32\IPHLPAPI.DLL
0x00007ffbd3c20000 - 0x00007ffbd3c28000 	C:\Windows\System32\NSI.dll
0x00007ffbcc3a0000 - 0x00007ffbcc3b7000 	C:\Windows\SYSTEM32\dhcpcsvc6.DLL
0x00007ffbcc380000 - 0x00007ffbcc39d000 	C:\Windows\SYSTEM32\dhcpcsvc.DLL
0x00007ffbd0c30000 - 0x00007ffbd0cfc000 	C:\Windows\SYSTEM32\DNSAPI.dll
0x00007ffbcc560000 - 0x00007ffbcc56b000 	C:\Windows\SYSTEM32\WINNSI.DLL

VM Arguments:
jvm_args: -Xmx2048m -Dfile.encoding=UTF-8 -Duser.country=RU -Duser.language=ru -Duser.variant 
java_command: org.gradle.launcher.daemon.bootstrap.GradleDaemon 6.5
java_class_path (initial): C:\Users\admin\.gradle\wrapper\dists\gradle-6.5-bin\6nifqtx7604sqp1q6g8wikw7p\gradle-6.5\lib\gradle-launcher-6.5.jar
Launcher Type: SUN_STANDARD

Environment Variables:
PATH=C:\Program Files (x86)\Common Files\Oracle\Java\javapath;C:\Program Files\Microsoft MPI\Bin\;C:\Windows\system32;C:\Windows;C:\Windows\System32\Wbem;C:\Windows\System32\WindowsPowerShell\v1.0\;C:\Windows\System32\OpenSSH\;C:\Program Files (x86)\NVIDIA Corporation\PhysX\Common;C:\Program Files\NVIDIA Corporation\NVIDIA NvDLISR;C:\Program Files\Azure Data Studio\bin;C:\Program Files\Common Files\Autodesk Shared\;C:\Program Files (x86)\Microsoft SQL Server\150\DTS\Binn\;C:\Program Files (x86)\Microsoft SQL Server\110\DTS\Binn\;C:\Program Files (x86)\Microsoft SQL Server\120\DTS\Binn\;C:\Program Files (x86)\Microsoft SQL Server\130\DTS\Binn\;C:\Program Files (x86)\Microsoft SQL Server\140\DTS\Binn\;C:\Program Files\Microsoft SQL Server\Client SDK\ODBC\110\Tools\Binn\;C:\Program Files\Git\cmd;C:\Users\admin\AppData\Local\Programs\Python\Python39\Scripts\;C:\Users\admin\AppData\Local\Programs\Python\Python39\;C:\Users\admin\AppData\Local\Microsoft\WindowsApps;C:\Users\admin\.dotnet\tools;C:\Program Files\Azure Data Studio\bin;D:\php;C:\Users\admin\AppData\Local\atom\bin;C:\Program Files\JetBrains\PyCharm Community Edition 2020.3.3\bin;
USERNAME=admin
OS=Windows_NT
PROCESSOR_IDENTIFIER=AMD64 Family 23 Model 113 Stepping 0, AuthenticAMD



---------------  S Y S T E M  ---------------

OS: Windows 10.0 , 64 bit Build 19041 (10.0.19041.1023)

CPU:total 12 (initial active 12) (12 cores per cpu, 1 threads per core) family 23 model 113 stepping 0, cmov, cx8, fxsr, mmx, sse, sse2, sse3, ssse3, sse4.1, sse4.2, popcnt, avx, avx2, aes, clmul, mmxext, 3dnowpref, lzcnt, sse4a, tsc, tscinvbit, tscinv, bmi1

Memory: 4k page, physical 16701192k(4018888k free), swap 24893192k(5772k free)

vm_info: OpenJDK 64-Bit Server VM (25.242-b01) for windows-amd64 JRE (1.8.0_242-release-1644-b01), built by "builder" with MS VC++ 10.0 (VS2010)

time: Thu Jul 15 22:45:55 2021
timezone: RTZ 9 (зима)
elapsed time: 4 seconds (0d 0h 0m 4s)

